DEBUG:requests.packages.urllib3.connectionpool:Starting new HTTPS connection (1): www.reddit.com
DEBUG:requests.packages.urllib3.connectionpool:https://www.reddit.com:443 "POST /api/v1/access_token HTTP/1.1" 200 105
DEBUG:prawcore:Fetching: GET https://oauth.reddit.com/r/AskReddit/search/
DEBUG:prawcore:Headers: {'Authorization': 'bearer sxwQvktGxwBcusuU75YFhgjEwxc'}
DEBUG:prawcore:Data: None
DEBUG:prawcore:Params: {'sort': 'new', 'raw_json': 1, 'syntax': 'cloudsearch', 'q': 'timestamp:1488073879..1488073879', 'limit': 1024, 't': 'all', 'restrict_sr': True}
DEBUG:requests.packages.urllib3.connectionpool:Starting new HTTPS connection (1): oauth.reddit.com
DEBUG:requests.packages.urllib3.connectionpool:https://oauth.reddit.com:443 "GET /r/AskReddit/search/?sort=new&raw_json=1&syntax=cloudsearch&q=timestamp%3A1488073879..1488073879&limit=1024&t=all&restrict_sr=True HTTP/1.1" 200 107
DEBUG:prawcore:Response: 200 (107 bytes)
DEBUG:prawcore:Fetching: GET https://oauth.reddit.com/r/The_Donald/search/
DEBUG:prawcore:Headers: {'Authorization': 'bearer sxwQvktGxwBcusuU75YFhgjEwxc'}
DEBUG:prawcore:Data: None
DEBUG:prawcore:Params: {'sort': 'new', 'raw_json': 1, 'syntax': 'cloudsearch', 'q': 'timestamp:1488073879..1488073879', 'limit': 1024, 't': 'all', 'restrict_sr': True}
DEBUG:requests.packages.urllib3.connectionpool:https://oauth.reddit.com:443 "GET /r/The_Donald/search/?sort=new&raw_json=1&syntax=cloudsearch&q=timestamp%3A1488073879..1488073879&limit=1024&t=all&restrict_sr=True HTTP/1.1" 200 107
DEBUG:prawcore:Response: 200 (107 bytes)
DEBUG:prawcore:Fetching: GET https://oauth.reddit.com/r/politics/search/
DEBUG:prawcore:Headers: {'Authorization': 'bearer sxwQvktGxwBcusuU75YFhgjEwxc'}
DEBUG:prawcore:Data: None
DEBUG:prawcore:Params: {'sort': 'new', 'raw_json': 1, 'syntax': 'cloudsearch', 'q': 'timestamp:1488073879..1488073879', 'limit': 1024, 't': 'all', 'restrict_sr': True}
DEBUG:requests.packages.urllib3.connectionpool:https://oauth.reddit.com:443 "GET /r/politics/search/?sort=new&raw_json=1&syntax=cloudsearch&q=timestamp%3A1488073879..1488073879&limit=1024&t=all&restrict_sr=True HTTP/1.1" 200 107
DEBUG:prawcore:Response: 200 (107 bytes)
DEBUG:prawcore:Fetching: GET https://oauth.reddit.com/r/funny/search/
DEBUG:prawcore:Headers: {'Authorization': 'bearer sxwQvktGxwBcusuU75YFhgjEwxc'}
DEBUG:prawcore:Data: None
DEBUG:prawcore:Params: {'sort': 'new', 'raw_json': 1, 'syntax': 'cloudsearch', 'q': 'timestamp:1488073879..1488073879', 'limit': 1024, 't': 'all', 'restrict_sr': True}
DEBUG:requests.packages.urllib3.connectionpool:https://oauth.reddit.com:443 "GET /r/funny/search/?sort=new&raw_json=1&syntax=cloudsearch&q=timestamp%3A1488073879..1488073879&limit=1024&t=all&restrict_sr=True HTTP/1.1" 200 107
DEBUG:prawcore:Response: 200 (107 bytes)
DEBUG:prawcore:Fetching: GET https://oauth.reddit.com/r/nba/search/
DEBUG:prawcore:Headers: {'Authorization': 'bearer sxwQvktGxwBcusuU75YFhgjEwxc'}
DEBUG:prawcore:Data: None
DEBUG:prawcore:Params: {'sort': 'new', 'raw_json': 1, 'syntax': 'cloudsearch', 'q': 'timestamp:1488073879..1488073879', 'limit': 1024, 't': 'all', 'restrict_sr': True}
DEBUG:requests.packages.urllib3.connectionpool:https://oauth.reddit.com:443 "GET /r/nba/search/?sort=new&raw_json=1&syntax=cloudsearch&q=timestamp%3A1488073879..1488073879&limit=1024&t=all&restrict_sr=True HTTP/1.1" 200 107
DEBUG:prawcore:Response: 200 (107 bytes)
DEBUG:prawcore:Fetching: GET https://oauth.reddit.com/r/pics/search/
DEBUG:prawcore:Headers: {'Authorization': 'bearer sxwQvktGxwBcusuU75YFhgjEwxc'}
DEBUG:prawcore:Data: None
DEBUG:prawcore:Params: {'sort': 'new', 'raw_json': 1, 'syntax': 'cloudsearch', 'q': 'timestamp:1488073879..1488073879', 'limit': 1024, 't': 'all', 'restrict_sr': True}
DEBUG:requests.packages.urllib3.connectionpool:https://oauth.reddit.com:443 "GET /r/pics/search/?sort=new&raw_json=1&syntax=cloudsearch&q=timestamp%3A1488073879..1488073879&limit=1024&t=all&restrict_sr=True HTTP/1.1" 200 107
DEBUG:prawcore:Response: 200 (107 bytes)
DEBUG:prawcore:Fetching: GET https://oauth.reddit.com/r/todayilearned/search/
DEBUG:prawcore:Headers: {'Authorization': 'bearer sxwQvktGxwBcusuU75YFhgjEwxc'}
DEBUG:prawcore:Data: None
DEBUG:prawcore:Params: {'sort': 'new', 'raw_json': 1, 'syntax': 'cloudsearch', 'q': 'timestamp:1488073879..1488073879', 'limit': 1024, 't': 'all', 'restrict_sr': True}
DEBUG:requests.packages.urllib3.connectionpool:https://oauth.reddit.com:443 "GET /r/todayilearned/search/?sort=new&raw_json=1&syntax=cloudsearch&q=timestamp%3A1488073879..1488073879&limit=1024&t=all&restrict_sr=True HTTP/1.1" 200 107
DEBUG:prawcore:Response: 200 (107 bytes)
DEBUG:prawcore:Fetching: GET https://oauth.reddit.com/r/gifs/search/
DEBUG:prawcore:Headers: {'Authorization': 'bearer sxwQvktGxwBcusuU75YFhgjEwxc'}
DEBUG:prawcore:Data: None
DEBUG:prawcore:Params: {'sort': 'new', 'raw_json': 1, 'syntax': 'cloudsearch', 'q': 'timestamp:1488073879..1488073879', 'limit': 1024, 't': 'all', 'restrict_sr': True}
DEBUG:requests.packages.urllib3.connectionpool:https://oauth.reddit.com:443 "GET /r/gifs/search/?sort=new&raw_json=1&syntax=cloudsearch&q=timestamp%3A1488073879..1488073879&limit=1024&t=all&restrict_sr=True HTTP/1.1" 200 107
DEBUG:prawcore:Response: 200 (107 bytes)
DEBUG:prawcore:Fetching: GET https://oauth.reddit.com/r/videos/search/
DEBUG:prawcore:Headers: {'Authorization': 'bearer sxwQvktGxwBcusuU75YFhgjEwxc'}
DEBUG:prawcore:Data: None
DEBUG:prawcore:Params: {'sort': 'new', 'raw_json': 1, 'syntax': 'cloudsearch', 'q': 'timestamp:1488073879..1488073879', 'limit': 1024, 't': 'all', 'restrict_sr': True}
DEBUG:requests.packages.urllib3.connectionpool:https://oauth.reddit.com:443 "GET /r/videos/search/?sort=new&raw_json=1&syntax=cloudsearch&q=timestamp%3A1488073879..1488073879&limit=1024&t=all&restrict_sr=True HTTP/1.1" 200 107
DEBUG:prawcore:Response: 200 (107 bytes)
DEBUG:prawcore:Fetching: GET https://oauth.reddit.com/r/news/search/
DEBUG:prawcore:Headers: {'Authorization': 'bearer sxwQvktGxwBcusuU75YFhgjEwxc'}
DEBUG:prawcore:Data: None
DEBUG:prawcore:Params: {'sort': 'new', 'raw_json': 1, 'syntax': 'cloudsearch', 'q': 'timestamp:1488073879..1488073879', 'limit': 1024, 't': 'all', 'restrict_sr': True}
DEBUG:requests.packages.urllib3.connectionpool:https://oauth.reddit.com:443 "GET /r/news/search/?sort=new&raw_json=1&syntax=cloudsearch&q=timestamp%3A1488073879..1488073879&limit=1024&t=all&restrict_sr=True HTTP/1.1" 200 107
DEBUG:prawcore:Response: 200 (107 bytes)
DEBUG:prawcore:Fetching: GET https://oauth.reddit.com/r/worldnews/search/
DEBUG:prawcore:Headers: {'Authorization': 'bearer sxwQvktGxwBcusuU75YFhgjEwxc'}
DEBUG:prawcore:Data: None
DEBUG:prawcore:Params: {'sort': 'new', 'raw_json': 1, 'syntax': 'cloudsearch', 'q': 'timestamp:1488073879..1488073879', 'limit': 1024, 't': 'all', 'restrict_sr': True}
DEBUG:requests.packages.urllib3.connectionpool:https://oauth.reddit.com:443 "GET /r/worldnews/search/?sort=new&raw_json=1&syntax=cloudsearch&q=timestamp%3A1488073879..1488073879&limit=1024&t=all&restrict_sr=True HTTP/1.1" 200 107
DEBUG:prawcore:Response: 200 (107 bytes)
DEBUG:prawcore:Fetching: GET https://oauth.reddit.com/r/gaming/search/
DEBUG:prawcore:Headers: {'Authorization': 'bearer sxwQvktGxwBcusuU75YFhgjEwxc'}
DEBUG:prawcore:Data: None
DEBUG:prawcore:Params: {'sort': 'new', 'raw_json': 1, 'syntax': 'cloudsearch', 'q': 'timestamp:1488073879..1488073879', 'limit': 1024, 't': 'all', 'restrict_sr': True}
DEBUG:requests.packages.urllib3.connectionpool:https://oauth.reddit.com:443 "GET /r/gaming/search/?sort=new&raw_json=1&syntax=cloudsearch&q=timestamp%3A1488073879..1488073879&limit=1024&t=all&restrict_sr=True HTTP/1.1" 200 107
DEBUG:prawcore:Response: 200 (107 bytes)
DEBUG:prawcore:Fetching: GET https://oauth.reddit.com/r/aww/search/
DEBUG:prawcore:Headers: {'Authorization': 'bearer sxwQvktGxwBcusuU75YFhgjEwxc'}
DEBUG:prawcore:Data: None
DEBUG:prawcore:Params: {'sort': 'new', 'raw_json': 1, 'syntax': 'cloudsearch', 'q': 'timestamp:1488073879..1488073879', 'limit': 1024, 't': 'all', 'restrict_sr': True}
DEBUG:requests.packages.urllib3.connectionpool:https://oauth.reddit.com:443 "GET /r/aww/search/?sort=new&raw_json=1&syntax=cloudsearch&q=timestamp%3A1488073879..1488073879&limit=1024&t=all&restrict_sr=True HTTP/1.1" 200 107
DEBUG:prawcore:Response: 200 (107 bytes)
DEBUG:prawcore:Fetching: GET https://oauth.reddit.com/r/soccer/search/
DEBUG:prawcore:Headers: {'Authorization': 'bearer sxwQvktGxwBcusuU75YFhgjEwxc'}
DEBUG:prawcore:Data: None
DEBUG:prawcore:Params: {'sort': 'new', 'raw_json': 1, 'syntax': 'cloudsearch', 'q': 'timestamp:1488073879..1488073879', 'limit': 1024, 't': 'all', 'restrict_sr': True}
DEBUG:requests.packages.urllib3.connectionpool:https://oauth.reddit.com:443 "GET /r/soccer/search/?sort=new&raw_json=1&syntax=cloudsearch&q=timestamp%3A1488073879..1488073879&limit=1024&t=all&restrict_sr=True HTTP/1.1" 200 107
DEBUG:prawcore:Response: 200 (107 bytes)
DEBUG:prawcore:Fetching: GET https://oauth.reddit.com/r/movies/search/
DEBUG:prawcore:Headers: {'Authorization': 'bearer sxwQvktGxwBcusuU75YFhgjEwxc'}
DEBUG:prawcore:Data: None
DEBUG:prawcore:Params: {'sort': 'new', 'raw_json': 1, 'syntax': 'cloudsearch', 'q': 'timestamp:1488073879..1488073879', 'limit': 1024, 't': 'all', 'restrict_sr': True}
DEBUG:requests.packages.urllib3.connectionpool:https://oauth.reddit.com:443 "GET /r/movies/search/?sort=new&raw_json=1&syntax=cloudsearch&q=timestamp%3A1488073879..1488073879&limit=1024&t=all&restrict_sr=True HTTP/1.1" 200 107
DEBUG:prawcore:Response: 200 (107 bytes)
DEBUG:prawcore:Fetching: GET https://oauth.reddit.com/r/Overwatch/search/
DEBUG:prawcore:Headers: {'Authorization': 'bearer sxwQvktGxwBcusuU75YFhgjEwxc'}
DEBUG:prawcore:Data: None
DEBUG:prawcore:Params: {'sort': 'new', 'raw_json': 1, 'syntax': 'cloudsearch', 'q': 'timestamp:1488073879..1488073879', 'limit': 1024, 't': 'all', 'restrict_sr': True}
DEBUG:requests.packages.urllib3.connectionpool:https://oauth.reddit.com:443 "GET /r/Overwatch/search/?sort=new&raw_json=1&syntax=cloudsearch&q=timestamp%3A1488073879..1488073879&limit=1024&t=all&restrict_sr=True HTTP/1.1" 200 107
DEBUG:prawcore:Response: 200 (107 bytes)
DEBUG:prawcore:Fetching: GET https://oauth.reddit.com/r/BlackPeopleTwitter/search/
DEBUG:prawcore:Headers: {'Authorization': 'bearer sxwQvktGxwBcusuU75YFhgjEwxc'}
DEBUG:prawcore:Data: None
DEBUG:prawcore:Params: {'sort': 'new', 'raw_json': 1, 'syntax': 'cloudsearch', 'q': 'timestamp:1488073879..1488073879', 'limit': 1024, 't': 'all', 'restrict_sr': True}
DEBUG:requests.packages.urllib3.connectionpool:https://oauth.reddit.com:443 "GET /r/BlackPeopleTwitter/search/?sort=new&raw_json=1&syntax=cloudsearch&q=timestamp%3A1488073879..1488073879&limit=1024&t=all&restrict_sr=True HTTP/1.1" 200 107
DEBUG:prawcore:Response: 200 (107 bytes)
DEBUG:prawcore:Fetching: GET https://oauth.reddit.com/r/AdviceAnimals/search/
DEBUG:prawcore:Headers: {'Authorization': 'bearer sxwQvktGxwBcusuU75YFhgjEwxc'}
DEBUG:prawcore:Data: None
DEBUG:prawcore:Params: {'sort': 'new', 'raw_json': 1, 'syntax': 'cloudsearch', 'q': 'timestamp:1488073879..1488073879', 'limit': 1024, 't': 'all', 'restrict_sr': True}
DEBUG:requests.packages.urllib3.connectionpool:https://oauth.reddit.com:443 "GET /r/AdviceAnimals/search/?sort=new&raw_json=1&syntax=cloudsearch&q=timestamp%3A1488073879..1488073879&limit=1024&t=all&restrict_sr=True HTTP/1.1" 200 107
DEBUG:prawcore:Response: 200 (107 bytes)
DEBUG:prawcore:Fetching: GET https://oauth.reddit.com/r/leagueoflegends/search/
DEBUG:prawcore:Headers: {'Authorization': 'bearer sxwQvktGxwBcusuU75YFhgjEwxc'}
DEBUG:prawcore:Data: None
DEBUG:prawcore:Params: {'sort': 'new', 'raw_json': 1, 'syntax': 'cloudsearch', 'q': 'timestamp:1488073879..1488073879', 'limit': 1024, 't': 'all', 'restrict_sr': True}
DEBUG:requests.packages.urllib3.connectionpool:https://oauth.reddit.com:443 "GET /r/leagueoflegends/search/?sort=new&raw_json=1&syntax=cloudsearch&q=timestamp%3A1488073879..1488073879&limit=1024&t=all&restrict_sr=True HTTP/1.1" 200 107
DEBUG:prawcore:Response: 200 (107 bytes)
DEBUG:prawcore:Fetching: GET https://oauth.reddit.com/r/nfl/search/
DEBUG:prawcore:Headers: {'Authorization': 'bearer sxwQvktGxwBcusuU75YFhgjEwxc'}
DEBUG:prawcore:Data: None
DEBUG:prawcore:Params: {'sort': 'new', 'raw_json': 1, 'syntax': 'cloudsearch', 'q': 'timestamp:1488073879..1488073879', 'limit': 1024, 't': 'all', 'restrict_sr': True}
DEBUG:requests.packages.urllib3.connectionpool:https://oauth.reddit.com:443 "GET /r/nfl/search/?sort=new&raw_json=1&syntax=cloudsearch&q=timestamp%3A1488073879..1488073879&limit=1024&t=all&restrict_sr=True HTTP/1.1" 200 107
DEBUG:prawcore:Response: 200 (107 bytes)
DEBUG:prawcore:Fetching: GET https://oauth.reddit.com/r/mildlyinteresting/search/
DEBUG:prawcore:Headers: {'Authorization': 'bearer sxwQvktGxwBcusuU75YFhgjEwxc'}
DEBUG:prawcore:Data: None
DEBUG:prawcore:Params: {'sort': 'new', 'raw_json': 1, 'syntax': 'cloudsearch', 'q': 'timestamp:1488073879..1488073879', 'limit': 1024, 't': 'all', 'restrict_sr': True}
DEBUG:requests.packages.urllib3.connectionpool:https://oauth.reddit.com:443 "GET /r/mildlyinteresting/search/?sort=new&raw_json=1&syntax=cloudsearch&q=timestamp%3A1488073879..1488073879&limit=1024&t=all&restrict_sr=True HTTP/1.1" 200 107
DEBUG:prawcore:Response: 200 (107 bytes)
DEBUG:prawcore:Fetching: GET https://oauth.reddit.com/r/forhonor/search/
DEBUG:prawcore:Headers: {'Authorization': 'bearer sxwQvktGxwBcusuU75YFhgjEwxc'}
DEBUG:prawcore:Data: None
DEBUG:prawcore:Params: {'sort': 'new', 'raw_json': 1, 'syntax': 'cloudsearch', 'q': 'timestamp:1488073879..1488073879', 'limit': 1024, 't': 'all', 'restrict_sr': True}
DEBUG:requests.packages.urllib3.connectionpool:https://oauth.reddit.com:443 "GET /r/forhonor/search/?sort=new&raw_json=1&syntax=cloudsearch&q=timestamp%3A1488073879..1488073879&limit=1024&t=all&restrict_sr=True HTTP/1.1" 200 107
DEBUG:prawcore:Response: 200 (107 bytes)
DEBUG:prawcore:Fetching: GET https://oauth.reddit.com/r/dankmemes/search/
DEBUG:prawcore:Headers: {'Authorization': 'bearer sxwQvktGxwBcusuU75YFhgjEwxc'}
DEBUG:prawcore:Data: None
DEBUG:prawcore:Params: {'sort': 'new', 'raw_json': 1, 'syntax': 'cloudsearch', 'q': 'timestamp:1488073879..1488073879', 'limit': 1024, 't': 'all', 'restrict_sr': True}
DEBUG:requests.packages.urllib3.connectionpool:https://oauth.reddit.com:443 "GET /r/dankmemes/search/?sort=new&raw_json=1&syntax=cloudsearch&q=timestamp%3A1488073879..1488073879&limit=1024&t=all&restrict_sr=True HTTP/1.1" 200 107
DEBUG:prawcore:Response: 200 (107 bytes)
DEBUG:prawcore:Fetching: GET https://oauth.reddit.com/r/GlobalOffensive/search/
DEBUG:prawcore:Headers: {'Authorization': 'bearer sxwQvktGxwBcusuU75YFhgjEwxc'}
DEBUG:prawcore:Data: None
DEBUG:prawcore:Params: {'sort': 'new', 'raw_json': 1, 'syntax': 'cloudsearch', 'q': 'timestamp:1488073879..1488073879', 'limit': 1024, 't': 'all', 'restrict_sr': True}
DEBUG:requests.packages.urllib3.connectionpool:https://oauth.reddit.com:443 "GET /r/GlobalOffensive/search/?sort=new&raw_json=1&syntax=cloudsearch&q=timestamp%3A1488073879..1488073879&limit=1024&t=all&restrict_sr=True HTTP/1.1" 200 107
DEBUG:prawcore:Response: 200 (107 bytes)
DEBUG:prawcore:Fetching: GET https://oauth.reddit.com/r/me_irl/search/
DEBUG:prawcore:Headers: {'Authorization': 'bearer sxwQvktGxwBcusuU75YFhgjEwxc'}
DEBUG:prawcore:Data: None
DEBUG:prawcore:Params: {'sort': 'new', 'raw_json': 1, 'syntax': 'cloudsearch', 'q': 'timestamp:1488073879..1488073879', 'limit': 1024, 't': 'all', 'restrict_sr': True}
DEBUG:requests.packages.urllib3.connectionpool:https://oauth.reddit.com:443 "GET /r/me_irl/search/?sort=new&raw_json=1&syntax=cloudsearch&q=timestamp%3A1488073879..1488073879&limit=1024&t=all&restrict_sr=True HTTP/1.1" 200 107
DEBUG:prawcore:Response: 200 (107 bytes)
DEBUG:root:cannot concatenate 'str' and 'datetime.datetime' objects
DEBUG:requests.packages.urllib3.connectionpool:Starting new HTTPS connection (1): www.reddit.com
DEBUG:requests.packages.urllib3.connectionpool:https://www.reddit.com:443 "POST /api/v1/access_token HTTP/1.1" 200 105
DEBUG:prawcore:Fetching: GET https://oauth.reddit.com/r/AskReddit/search/
DEBUG:prawcore:Headers: {'Authorization': 'bearer 9vaYHLHRQuvDGiwuPGjqzDZbl6c'}
DEBUG:prawcore:Data: None
DEBUG:prawcore:Params: {'sort': 'new', 'raw_json': 1, 'syntax': 'cloudsearch', 'q': 'timestamp:1488073944..1488073944', 'limit': 1024, 't': 'all', 'restrict_sr': True}
DEBUG:requests.packages.urllib3.connectionpool:Starting new HTTPS connection (1): oauth.reddit.com
DEBUG:requests.packages.urllib3.connectionpool:https://oauth.reddit.com:443 "GET /r/AskReddit/search/?sort=new&raw_json=1&syntax=cloudsearch&q=timestamp%3A1488073944..1488073944&limit=1024&t=all&restrict_sr=True HTTP/1.1" 200 107
DEBUG:prawcore:Response: 200 (107 bytes)
DEBUG:prawcore:Fetching: GET https://oauth.reddit.com/r/The_Donald/search/
DEBUG:prawcore:Headers: {'Authorization': 'bearer 9vaYHLHRQuvDGiwuPGjqzDZbl6c'}
DEBUG:prawcore:Data: None
DEBUG:prawcore:Params: {'sort': 'new', 'raw_json': 1, 'syntax': 'cloudsearch', 'q': 'timestamp:1488073944..1488073944', 'limit': 1024, 't': 'all', 'restrict_sr': True}
DEBUG:requests.packages.urllib3.connectionpool:https://oauth.reddit.com:443 "GET /r/The_Donald/search/?sort=new&raw_json=1&syntax=cloudsearch&q=timestamp%3A1488073944..1488073944&limit=1024&t=all&restrict_sr=True HTTP/1.1" 200 107
DEBUG:prawcore:Response: 200 (107 bytes)
DEBUG:prawcore:Fetching: GET https://oauth.reddit.com/r/politics/search/
DEBUG:prawcore:Headers: {'Authorization': 'bearer 9vaYHLHRQuvDGiwuPGjqzDZbl6c'}
DEBUG:prawcore:Data: None
DEBUG:prawcore:Params: {'sort': 'new', 'raw_json': 1, 'syntax': 'cloudsearch', 'q': 'timestamp:1488073944..1488073944', 'limit': 1024, 't': 'all', 'restrict_sr': True}
DEBUG:requests.packages.urllib3.connectionpool:https://oauth.reddit.com:443 "GET /r/politics/search/?sort=new&raw_json=1&syntax=cloudsearch&q=timestamp%3A1488073944..1488073944&limit=1024&t=all&restrict_sr=True HTTP/1.1" 200 107
DEBUG:prawcore:Response: 200 (107 bytes)
DEBUG:prawcore:Fetching: GET https://oauth.reddit.com/r/funny/search/
DEBUG:prawcore:Headers: {'Authorization': 'bearer 9vaYHLHRQuvDGiwuPGjqzDZbl6c'}
DEBUG:prawcore:Data: None
DEBUG:prawcore:Params: {'sort': 'new', 'raw_json': 1, 'syntax': 'cloudsearch', 'q': 'timestamp:1488073944..1488073944', 'limit': 1024, 't': 'all', 'restrict_sr': True}
DEBUG:requests.packages.urllib3.connectionpool:https://oauth.reddit.com:443 "GET /r/funny/search/?sort=new&raw_json=1&syntax=cloudsearch&q=timestamp%3A1488073944..1488073944&limit=1024&t=all&restrict_sr=True HTTP/1.1" 200 107
DEBUG:prawcore:Response: 200 (107 bytes)
DEBUG:prawcore:Fetching: GET https://oauth.reddit.com/r/nba/search/
DEBUG:prawcore:Headers: {'Authorization': 'bearer 9vaYHLHRQuvDGiwuPGjqzDZbl6c'}
DEBUG:prawcore:Data: None
DEBUG:prawcore:Params: {'sort': 'new', 'raw_json': 1, 'syntax': 'cloudsearch', 'q': 'timestamp:1488073944..1488073944', 'limit': 1024, 't': 'all', 'restrict_sr': True}
DEBUG:requests.packages.urllib3.connectionpool:https://oauth.reddit.com:443 "GET /r/nba/search/?sort=new&raw_json=1&syntax=cloudsearch&q=timestamp%3A1488073944..1488073944&limit=1024&t=all&restrict_sr=True HTTP/1.1" 200 107
DEBUG:prawcore:Response: 200 (107 bytes)
DEBUG:prawcore:Fetching: GET https://oauth.reddit.com/r/pics/search/
DEBUG:prawcore:Headers: {'Authorization': 'bearer 9vaYHLHRQuvDGiwuPGjqzDZbl6c'}
DEBUG:prawcore:Data: None
DEBUG:prawcore:Params: {'sort': 'new', 'raw_json': 1, 'syntax': 'cloudsearch', 'q': 'timestamp:1488073944..1488073944', 'limit': 1024, 't': 'all', 'restrict_sr': True}
DEBUG:requests.packages.urllib3.connectionpool:https://oauth.reddit.com:443 "GET /r/pics/search/?sort=new&raw_json=1&syntax=cloudsearch&q=timestamp%3A1488073944..1488073944&limit=1024&t=all&restrict_sr=True HTTP/1.1" 200 107
DEBUG:prawcore:Response: 200 (107 bytes)
DEBUG:prawcore:Fetching: GET https://oauth.reddit.com/r/todayilearned/search/
DEBUG:prawcore:Headers: {'Authorization': 'bearer 9vaYHLHRQuvDGiwuPGjqzDZbl6c'}
DEBUG:prawcore:Data: None
DEBUG:prawcore:Params: {'sort': 'new', 'raw_json': 1, 'syntax': 'cloudsearch', 'q': 'timestamp:1488073944..1488073944', 'limit': 1024, 't': 'all', 'restrict_sr': True}
DEBUG:requests.packages.urllib3.connectionpool:https://oauth.reddit.com:443 "GET /r/todayilearned/search/?sort=new&raw_json=1&syntax=cloudsearch&q=timestamp%3A1488073944..1488073944&limit=1024&t=all&restrict_sr=True HTTP/1.1" 200 107
DEBUG:prawcore:Response: 200 (107 bytes)
DEBUG:prawcore:Fetching: GET https://oauth.reddit.com/r/gifs/search/
DEBUG:prawcore:Headers: {'Authorization': 'bearer 9vaYHLHRQuvDGiwuPGjqzDZbl6c'}
DEBUG:prawcore:Data: None
DEBUG:prawcore:Params: {'sort': 'new', 'raw_json': 1, 'syntax': 'cloudsearch', 'q': 'timestamp:1488073944..1488073944', 'limit': 1024, 't': 'all', 'restrict_sr': True}
DEBUG:requests.packages.urllib3.connectionpool:https://oauth.reddit.com:443 "GET /r/gifs/search/?sort=new&raw_json=1&syntax=cloudsearch&q=timestamp%3A1488073944..1488073944&limit=1024&t=all&restrict_sr=True HTTP/1.1" 200 107
DEBUG:prawcore:Response: 200 (107 bytes)
DEBUG:prawcore:Fetching: GET https://oauth.reddit.com/r/videos/search/
DEBUG:prawcore:Headers: {'Authorization': 'bearer 9vaYHLHRQuvDGiwuPGjqzDZbl6c'}
DEBUG:prawcore:Data: None
DEBUG:prawcore:Params: {'sort': 'new', 'raw_json': 1, 'syntax': 'cloudsearch', 'q': 'timestamp:1488073944..1488073944', 'limit': 1024, 't': 'all', 'restrict_sr': True}
DEBUG:requests.packages.urllib3.connectionpool:https://oauth.reddit.com:443 "GET /r/videos/search/?sort=new&raw_json=1&syntax=cloudsearch&q=timestamp%3A1488073944..1488073944&limit=1024&t=all&restrict_sr=True HTTP/1.1" 200 107
DEBUG:prawcore:Response: 200 (107 bytes)
DEBUG:prawcore:Fetching: GET https://oauth.reddit.com/r/news/search/
DEBUG:prawcore:Headers: {'Authorization': 'bearer 9vaYHLHRQuvDGiwuPGjqzDZbl6c'}
DEBUG:prawcore:Data: None
DEBUG:prawcore:Params: {'sort': 'new', 'raw_json': 1, 'syntax': 'cloudsearch', 'q': 'timestamp:1488073944..1488073944', 'limit': 1024, 't': 'all', 'restrict_sr': True}
DEBUG:requests.packages.urllib3.connectionpool:https://oauth.reddit.com:443 "GET /r/news/search/?sort=new&raw_json=1&syntax=cloudsearch&q=timestamp%3A1488073944..1488073944&limit=1024&t=all&restrict_sr=True HTTP/1.1" 200 107
DEBUG:prawcore:Response: 200 (107 bytes)
DEBUG:prawcore:Fetching: GET https://oauth.reddit.com/r/worldnews/search/
DEBUG:prawcore:Headers: {'Authorization': 'bearer 9vaYHLHRQuvDGiwuPGjqzDZbl6c'}
DEBUG:prawcore:Data: None
DEBUG:prawcore:Params: {'sort': 'new', 'raw_json': 1, 'syntax': 'cloudsearch', 'q': 'timestamp:1488073944..1488073944', 'limit': 1024, 't': 'all', 'restrict_sr': True}
DEBUG:requests.packages.urllib3.connectionpool:https://oauth.reddit.com:443 "GET /r/worldnews/search/?sort=new&raw_json=1&syntax=cloudsearch&q=timestamp%3A1488073944..1488073944&limit=1024&t=all&restrict_sr=True HTTP/1.1" 200 107
DEBUG:prawcore:Response: 200 (107 bytes)
DEBUG:prawcore:Fetching: GET https://oauth.reddit.com/r/gaming/search/
DEBUG:prawcore:Headers: {'Authorization': 'bearer 9vaYHLHRQuvDGiwuPGjqzDZbl6c'}
DEBUG:prawcore:Data: None
DEBUG:prawcore:Params: {'sort': 'new', 'raw_json': 1, 'syntax': 'cloudsearch', 'q': 'timestamp:1488073944..1488073944', 'limit': 1024, 't': 'all', 'restrict_sr': True}
DEBUG:requests.packages.urllib3.connectionpool:https://oauth.reddit.com:443 "GET /r/gaming/search/?sort=new&raw_json=1&syntax=cloudsearch&q=timestamp%3A1488073944..1488073944&limit=1024&t=all&restrict_sr=True HTTP/1.1" 200 107
DEBUG:prawcore:Response: 200 (107 bytes)
DEBUG:prawcore:Fetching: GET https://oauth.reddit.com/r/aww/search/
DEBUG:prawcore:Headers: {'Authorization': 'bearer 9vaYHLHRQuvDGiwuPGjqzDZbl6c'}
DEBUG:prawcore:Data: None
DEBUG:prawcore:Params: {'sort': 'new', 'raw_json': 1, 'syntax': 'cloudsearch', 'q': 'timestamp:1488073944..1488073944', 'limit': 1024, 't': 'all', 'restrict_sr': True}
DEBUG:requests.packages.urllib3.connectionpool:https://oauth.reddit.com:443 "GET /r/aww/search/?sort=new&raw_json=1&syntax=cloudsearch&q=timestamp%3A1488073944..1488073944&limit=1024&t=all&restrict_sr=True HTTP/1.1" 200 107
DEBUG:prawcore:Response: 200 (107 bytes)
DEBUG:prawcore:Fetching: GET https://oauth.reddit.com/r/soccer/search/
DEBUG:prawcore:Headers: {'Authorization': 'bearer 9vaYHLHRQuvDGiwuPGjqzDZbl6c'}
DEBUG:prawcore:Data: None
DEBUG:prawcore:Params: {'sort': 'new', 'raw_json': 1, 'syntax': 'cloudsearch', 'q': 'timestamp:1488073944..1488073944', 'limit': 1024, 't': 'all', 'restrict_sr': True}
DEBUG:requests.packages.urllib3.connectionpool:https://oauth.reddit.com:443 "GET /r/soccer/search/?sort=new&raw_json=1&syntax=cloudsearch&q=timestamp%3A1488073944..1488073944&limit=1024&t=all&restrict_sr=True HTTP/1.1" 200 107
DEBUG:prawcore:Response: 200 (107 bytes)
DEBUG:prawcore:Fetching: GET https://oauth.reddit.com/r/movies/search/
DEBUG:prawcore:Headers: {'Authorization': 'bearer 9vaYHLHRQuvDGiwuPGjqzDZbl6c'}
DEBUG:prawcore:Data: None
DEBUG:prawcore:Params: {'sort': 'new', 'raw_json': 1, 'syntax': 'cloudsearch', 'q': 'timestamp:1488073944..1488073944', 'limit': 1024, 't': 'all', 'restrict_sr': True}
DEBUG:requests.packages.urllib3.connectionpool:https://oauth.reddit.com:443 "GET /r/movies/search/?sort=new&raw_json=1&syntax=cloudsearch&q=timestamp%3A1488073944..1488073944&limit=1024&t=all&restrict_sr=True HTTP/1.1" 200 107
DEBUG:prawcore:Response: 200 (107 bytes)
DEBUG:prawcore:Fetching: GET https://oauth.reddit.com/r/Overwatch/search/
DEBUG:prawcore:Headers: {'Authorization': 'bearer 9vaYHLHRQuvDGiwuPGjqzDZbl6c'}
DEBUG:prawcore:Data: None
DEBUG:prawcore:Params: {'sort': 'new', 'raw_json': 1, 'syntax': 'cloudsearch', 'q': 'timestamp:1488073944..1488073944', 'limit': 1024, 't': 'all', 'restrict_sr': True}
DEBUG:requests.packages.urllib3.connectionpool:https://oauth.reddit.com:443 "GET /r/Overwatch/search/?sort=new&raw_json=1&syntax=cloudsearch&q=timestamp%3A1488073944..1488073944&limit=1024&t=all&restrict_sr=True HTTP/1.1" 200 107
DEBUG:prawcore:Response: 200 (107 bytes)
DEBUG:prawcore:Fetching: GET https://oauth.reddit.com/r/BlackPeopleTwitter/search/
DEBUG:prawcore:Headers: {'Authorization': 'bearer 9vaYHLHRQuvDGiwuPGjqzDZbl6c'}
DEBUG:prawcore:Data: None
DEBUG:prawcore:Params: {'sort': 'new', 'raw_json': 1, 'syntax': 'cloudsearch', 'q': 'timestamp:1488073944..1488073944', 'limit': 1024, 't': 'all', 'restrict_sr': True}
DEBUG:requests.packages.urllib3.connectionpool:https://oauth.reddit.com:443 "GET /r/BlackPeopleTwitter/search/?sort=new&raw_json=1&syntax=cloudsearch&q=timestamp%3A1488073944..1488073944&limit=1024&t=all&restrict_sr=True HTTP/1.1" 200 107
DEBUG:prawcore:Response: 200 (107 bytes)
DEBUG:prawcore:Fetching: GET https://oauth.reddit.com/r/AdviceAnimals/search/
DEBUG:prawcore:Headers: {'Authorization': 'bearer 9vaYHLHRQuvDGiwuPGjqzDZbl6c'}
DEBUG:prawcore:Data: None
DEBUG:prawcore:Params: {'sort': 'new', 'raw_json': 1, 'syntax': 'cloudsearch', 'q': 'timestamp:1488073944..1488073944', 'limit': 1024, 't': 'all', 'restrict_sr': True}
DEBUG:requests.packages.urllib3.connectionpool:https://oauth.reddit.com:443 "GET /r/AdviceAnimals/search/?sort=new&raw_json=1&syntax=cloudsearch&q=timestamp%3A1488073944..1488073944&limit=1024&t=all&restrict_sr=True HTTP/1.1" 200 107
DEBUG:prawcore:Response: 200 (107 bytes)
DEBUG:prawcore:Fetching: GET https://oauth.reddit.com/r/leagueoflegends/search/
DEBUG:prawcore:Headers: {'Authorization': 'bearer 9vaYHLHRQuvDGiwuPGjqzDZbl6c'}
DEBUG:prawcore:Data: None
DEBUG:prawcore:Params: {'sort': 'new', 'raw_json': 1, 'syntax': 'cloudsearch', 'q': 'timestamp:1488073944..1488073944', 'limit': 1024, 't': 'all', 'restrict_sr': True}
DEBUG:requests.packages.urllib3.connectionpool:https://oauth.reddit.com:443 "GET /r/leagueoflegends/search/?sort=new&raw_json=1&syntax=cloudsearch&q=timestamp%3A1488073944..1488073944&limit=1024&t=all&restrict_sr=True HTTP/1.1" 200 107
DEBUG:prawcore:Response: 200 (107 bytes)
DEBUG:prawcore:Fetching: GET https://oauth.reddit.com/r/nfl/search/
DEBUG:prawcore:Headers: {'Authorization': 'bearer 9vaYHLHRQuvDGiwuPGjqzDZbl6c'}
DEBUG:prawcore:Data: None
DEBUG:prawcore:Params: {'sort': 'new', 'raw_json': 1, 'syntax': 'cloudsearch', 'q': 'timestamp:1488073944..1488073944', 'limit': 1024, 't': 'all', 'restrict_sr': True}
DEBUG:requests.packages.urllib3.connectionpool:https://oauth.reddit.com:443 "GET /r/nfl/search/?sort=new&raw_json=1&syntax=cloudsearch&q=timestamp%3A1488073944..1488073944&limit=1024&t=all&restrict_sr=True HTTP/1.1" 200 107
DEBUG:prawcore:Response: 200 (107 bytes)
DEBUG:prawcore:Fetching: GET https://oauth.reddit.com/r/mildlyinteresting/search/
DEBUG:prawcore:Headers: {'Authorization': 'bearer 9vaYHLHRQuvDGiwuPGjqzDZbl6c'}
DEBUG:prawcore:Data: None
DEBUG:prawcore:Params: {'sort': 'new', 'raw_json': 1, 'syntax': 'cloudsearch', 'q': 'timestamp:1488073944..1488073944', 'limit': 1024, 't': 'all', 'restrict_sr': True}
DEBUG:requests.packages.urllib3.connectionpool:https://oauth.reddit.com:443 "GET /r/mildlyinteresting/search/?sort=new&raw_json=1&syntax=cloudsearch&q=timestamp%3A1488073944..1488073944&limit=1024&t=all&restrict_sr=True HTTP/1.1" 200 107
DEBUG:prawcore:Response: 200 (107 bytes)
DEBUG:prawcore:Fetching: GET https://oauth.reddit.com/r/forhonor/search/
DEBUG:prawcore:Headers: {'Authorization': 'bearer 9vaYHLHRQuvDGiwuPGjqzDZbl6c'}
DEBUG:prawcore:Data: None
DEBUG:prawcore:Params: {'sort': 'new', 'raw_json': 1, 'syntax': 'cloudsearch', 'q': 'timestamp:1488073944..1488073944', 'limit': 1024, 't': 'all', 'restrict_sr': True}
DEBUG:requests.packages.urllib3.connectionpool:https://oauth.reddit.com:443 "GET /r/forhonor/search/?sort=new&raw_json=1&syntax=cloudsearch&q=timestamp%3A1488073944..1488073944&limit=1024&t=all&restrict_sr=True HTTP/1.1" 200 107
DEBUG:prawcore:Response: 200 (107 bytes)
DEBUG:prawcore:Fetching: GET https://oauth.reddit.com/r/dankmemes/search/
DEBUG:prawcore:Headers: {'Authorization': 'bearer 9vaYHLHRQuvDGiwuPGjqzDZbl6c'}
DEBUG:prawcore:Data: None
DEBUG:prawcore:Params: {'sort': 'new', 'raw_json': 1, 'syntax': 'cloudsearch', 'q': 'timestamp:1488073944..1488073944', 'limit': 1024, 't': 'all', 'restrict_sr': True}
DEBUG:requests.packages.urllib3.connectionpool:https://oauth.reddit.com:443 "GET /r/dankmemes/search/?sort=new&raw_json=1&syntax=cloudsearch&q=timestamp%3A1488073944..1488073944&limit=1024&t=all&restrict_sr=True HTTP/1.1" 200 107
DEBUG:prawcore:Response: 200 (107 bytes)
DEBUG:prawcore:Fetching: GET https://oauth.reddit.com/r/GlobalOffensive/search/
DEBUG:prawcore:Headers: {'Authorization': 'bearer 9vaYHLHRQuvDGiwuPGjqzDZbl6c'}
DEBUG:prawcore:Data: None
DEBUG:prawcore:Params: {'sort': 'new', 'raw_json': 1, 'syntax': 'cloudsearch', 'q': 'timestamp:1488073944..1488073944', 'limit': 1024, 't': 'all', 'restrict_sr': True}
DEBUG:requests.packages.urllib3.connectionpool:https://oauth.reddit.com:443 "GET /r/GlobalOffensive/search/?sort=new&raw_json=1&syntax=cloudsearch&q=timestamp%3A1488073944..1488073944&limit=1024&t=all&restrict_sr=True HTTP/1.1" 200 107
DEBUG:prawcore:Response: 200 (107 bytes)
DEBUG:prawcore:Fetching: GET https://oauth.reddit.com/r/me_irl/search/
DEBUG:prawcore:Headers: {'Authorization': 'bearer 9vaYHLHRQuvDGiwuPGjqzDZbl6c'}
DEBUG:prawcore:Data: None
DEBUG:prawcore:Params: {'sort': 'new', 'raw_json': 1, 'syntax': 'cloudsearch', 'q': 'timestamp:1488073944..1488073944', 'limit': 1024, 't': 'all', 'restrict_sr': True}
DEBUG:requests.packages.urllib3.connectionpool:https://oauth.reddit.com:443 "GET /r/me_irl/search/?sort=new&raw_json=1&syntax=cloudsearch&q=timestamp%3A1488073944..1488073944&limit=1024&t=all&restrict_sr=True HTTP/1.1" 200 107
DEBUG:prawcore:Response: 200 (107 bytes)
DEBUG:requests.packages.urllib3.connectionpool:Starting new HTTPS connection (1): www.reddit.com
DEBUG:requests.packages.urllib3.connectionpool:https://www.reddit.com:443 "POST /api/v1/access_token HTTP/1.1" 200 105
DEBUG:prawcore:Fetching: GET https://oauth.reddit.com/r/AskReddit/search/
DEBUG:prawcore:Headers: {'Authorization': 'bearer ZHmXGTGwEH8x7vUeCrmjHiN0A5A'}
DEBUG:prawcore:Data: None
DEBUG:prawcore:Params: {'sort': 'new', 'raw_json': 1, 'syntax': 'cloudsearch', 'q': 'timestamp:1488074302..1488074302', 'limit': 1024, 't': 'all', 'restrict_sr': True}
DEBUG:requests.packages.urllib3.connectionpool:Starting new HTTPS connection (1): oauth.reddit.com
DEBUG:requests.packages.urllib3.connectionpool:https://oauth.reddit.com:443 "GET /r/AskReddit/search/?sort=new&raw_json=1&syntax=cloudsearch&q=timestamp%3A1488074302..1488074302&limit=1024&t=all&restrict_sr=True HTTP/1.1" 200 107
DEBUG:prawcore:Response: 200 (107 bytes)
DEBUG:prawcore:Fetching: GET https://oauth.reddit.com/r/The_Donald/search/
DEBUG:prawcore:Headers: {'Authorization': 'bearer ZHmXGTGwEH8x7vUeCrmjHiN0A5A'}
DEBUG:prawcore:Data: None
DEBUG:prawcore:Params: {'sort': 'new', 'raw_json': 1, 'syntax': 'cloudsearch', 'q': 'timestamp:1488074302..1488074302', 'limit': 1024, 't': 'all', 'restrict_sr': True}
DEBUG:requests.packages.urllib3.connectionpool:https://oauth.reddit.com:443 "GET /r/The_Donald/search/?sort=new&raw_json=1&syntax=cloudsearch&q=timestamp%3A1488074302..1488074302&limit=1024&t=all&restrict_sr=True HTTP/1.1" 200 107
DEBUG:prawcore:Response: 200 (107 bytes)
DEBUG:prawcore:Fetching: GET https://oauth.reddit.com/r/politics/search/
DEBUG:prawcore:Headers: {'Authorization': 'bearer ZHmXGTGwEH8x7vUeCrmjHiN0A5A'}
DEBUG:prawcore:Data: None
DEBUG:prawcore:Params: {'sort': 'new', 'raw_json': 1, 'syntax': 'cloudsearch', 'q': 'timestamp:1488074302..1488074302', 'limit': 1024, 't': 'all', 'restrict_sr': True}
DEBUG:requests.packages.urllib3.connectionpool:https://oauth.reddit.com:443 "GET /r/politics/search/?sort=new&raw_json=1&syntax=cloudsearch&q=timestamp%3A1488074302..1488074302&limit=1024&t=all&restrict_sr=True HTTP/1.1" 200 107
DEBUG:prawcore:Response: 200 (107 bytes)
DEBUG:prawcore:Fetching: GET https://oauth.reddit.com/r/funny/search/
DEBUG:prawcore:Headers: {'Authorization': 'bearer ZHmXGTGwEH8x7vUeCrmjHiN0A5A'}
DEBUG:prawcore:Data: None
DEBUG:prawcore:Params: {'sort': 'new', 'raw_json': 1, 'syntax': 'cloudsearch', 'q': 'timestamp:1488074302..1488074302', 'limit': 1024, 't': 'all', 'restrict_sr': True}
DEBUG:requests.packages.urllib3.connectionpool:https://oauth.reddit.com:443 "GET /r/funny/search/?sort=new&raw_json=1&syntax=cloudsearch&q=timestamp%3A1488074302..1488074302&limit=1024&t=all&restrict_sr=True HTTP/1.1" 200 107
DEBUG:prawcore:Response: 200 (107 bytes)
DEBUG:prawcore:Fetching: GET https://oauth.reddit.com/r/nba/search/
DEBUG:prawcore:Headers: {'Authorization': 'bearer ZHmXGTGwEH8x7vUeCrmjHiN0A5A'}
DEBUG:prawcore:Data: None
DEBUG:prawcore:Params: {'sort': 'new', 'raw_json': 1, 'syntax': 'cloudsearch', 'q': 'timestamp:1488074302..1488074302', 'limit': 1024, 't': 'all', 'restrict_sr': True}
DEBUG:requests.packages.urllib3.connectionpool:https://oauth.reddit.com:443 "GET /r/nba/search/?sort=new&raw_json=1&syntax=cloudsearch&q=timestamp%3A1488074302..1488074302&limit=1024&t=all&restrict_sr=True HTTP/1.1" 200 107
DEBUG:prawcore:Response: 200 (107 bytes)
DEBUG:prawcore:Fetching: GET https://oauth.reddit.com/r/pics/search/
DEBUG:prawcore:Headers: {'Authorization': 'bearer ZHmXGTGwEH8x7vUeCrmjHiN0A5A'}
DEBUG:prawcore:Data: None
DEBUG:prawcore:Params: {'sort': 'new', 'raw_json': 1, 'syntax': 'cloudsearch', 'q': 'timestamp:1488074302..1488074302', 'limit': 1024, 't': 'all', 'restrict_sr': True}
DEBUG:requests.packages.urllib3.connectionpool:https://oauth.reddit.com:443 "GET /r/pics/search/?sort=new&raw_json=1&syntax=cloudsearch&q=timestamp%3A1488074302..1488074302&limit=1024&t=all&restrict_sr=True HTTP/1.1" 200 107
DEBUG:prawcore:Response: 200 (107 bytes)
DEBUG:prawcore:Fetching: GET https://oauth.reddit.com/r/todayilearned/search/
DEBUG:prawcore:Headers: {'Authorization': 'bearer ZHmXGTGwEH8x7vUeCrmjHiN0A5A'}
DEBUG:prawcore:Data: None
DEBUG:prawcore:Params: {'sort': 'new', 'raw_json': 1, 'syntax': 'cloudsearch', 'q': 'timestamp:1488074302..1488074302', 'limit': 1024, 't': 'all', 'restrict_sr': True}
DEBUG:requests.packages.urllib3.connectionpool:https://oauth.reddit.com:443 "GET /r/todayilearned/search/?sort=new&raw_json=1&syntax=cloudsearch&q=timestamp%3A1488074302..1488074302&limit=1024&t=all&restrict_sr=True HTTP/1.1" 200 107
DEBUG:prawcore:Response: 200 (107 bytes)
DEBUG:prawcore:Fetching: GET https://oauth.reddit.com/r/gifs/search/
DEBUG:prawcore:Headers: {'Authorization': 'bearer ZHmXGTGwEH8x7vUeCrmjHiN0A5A'}
DEBUG:prawcore:Data: None
DEBUG:prawcore:Params: {'sort': 'new', 'raw_json': 1, 'syntax': 'cloudsearch', 'q': 'timestamp:1488074302..1488074302', 'limit': 1024, 't': 'all', 'restrict_sr': True}
DEBUG:requests.packages.urllib3.connectionpool:https://oauth.reddit.com:443 "GET /r/gifs/search/?sort=new&raw_json=1&syntax=cloudsearch&q=timestamp%3A1488074302..1488074302&limit=1024&t=all&restrict_sr=True HTTP/1.1" 200 107
DEBUG:prawcore:Response: 200 (107 bytes)
DEBUG:prawcore:Fetching: GET https://oauth.reddit.com/r/videos/search/
DEBUG:prawcore:Headers: {'Authorization': 'bearer ZHmXGTGwEH8x7vUeCrmjHiN0A5A'}
DEBUG:prawcore:Data: None
DEBUG:prawcore:Params: {'sort': 'new', 'raw_json': 1, 'syntax': 'cloudsearch', 'q': 'timestamp:1488074302..1488074302', 'limit': 1024, 't': 'all', 'restrict_sr': True}
DEBUG:requests.packages.urllib3.connectionpool:https://oauth.reddit.com:443 "GET /r/videos/search/?sort=new&raw_json=1&syntax=cloudsearch&q=timestamp%3A1488074302..1488074302&limit=1024&t=all&restrict_sr=True HTTP/1.1" 200 107
DEBUG:prawcore:Response: 200 (107 bytes)
DEBUG:prawcore:Fetching: GET https://oauth.reddit.com/r/news/search/
DEBUG:prawcore:Headers: {'Authorization': 'bearer ZHmXGTGwEH8x7vUeCrmjHiN0A5A'}
DEBUG:prawcore:Data: None
DEBUG:prawcore:Params: {'sort': 'new', 'raw_json': 1, 'syntax': 'cloudsearch', 'q': 'timestamp:1488074302..1488074302', 'limit': 1024, 't': 'all', 'restrict_sr': True}
DEBUG:requests.packages.urllib3.connectionpool:https://oauth.reddit.com:443 "GET /r/news/search/?sort=new&raw_json=1&syntax=cloudsearch&q=timestamp%3A1488074302..1488074302&limit=1024&t=all&restrict_sr=True HTTP/1.1" 200 107
DEBUG:prawcore:Response: 200 (107 bytes)
DEBUG:prawcore:Fetching: GET https://oauth.reddit.com/r/worldnews/search/
DEBUG:prawcore:Headers: {'Authorization': 'bearer ZHmXGTGwEH8x7vUeCrmjHiN0A5A'}
DEBUG:prawcore:Data: None
DEBUG:prawcore:Params: {'sort': 'new', 'raw_json': 1, 'syntax': 'cloudsearch', 'q': 'timestamp:1488074302..1488074302', 'limit': 1024, 't': 'all', 'restrict_sr': True}
DEBUG:requests.packages.urllib3.connectionpool:https://oauth.reddit.com:443 "GET /r/worldnews/search/?sort=new&raw_json=1&syntax=cloudsearch&q=timestamp%3A1488074302..1488074302&limit=1024&t=all&restrict_sr=True HTTP/1.1" 200 107
DEBUG:prawcore:Response: 200 (107 bytes)
DEBUG:prawcore:Fetching: GET https://oauth.reddit.com/r/gaming/search/
DEBUG:prawcore:Headers: {'Authorization': 'bearer ZHmXGTGwEH8x7vUeCrmjHiN0A5A'}
DEBUG:prawcore:Data: None
DEBUG:prawcore:Params: {'sort': 'new', 'raw_json': 1, 'syntax': 'cloudsearch', 'q': 'timestamp:1488074302..1488074302', 'limit': 1024, 't': 'all', 'restrict_sr': True}
DEBUG:requests.packages.urllib3.connectionpool:https://oauth.reddit.com:443 "GET /r/gaming/search/?sort=new&raw_json=1&syntax=cloudsearch&q=timestamp%3A1488074302..1488074302&limit=1024&t=all&restrict_sr=True HTTP/1.1" 200 107
DEBUG:prawcore:Response: 200 (107 bytes)
DEBUG:prawcore:Fetching: GET https://oauth.reddit.com/r/aww/search/
DEBUG:prawcore:Headers: {'Authorization': 'bearer ZHmXGTGwEH8x7vUeCrmjHiN0A5A'}
DEBUG:prawcore:Data: None
DEBUG:prawcore:Params: {'sort': 'new', 'raw_json': 1, 'syntax': 'cloudsearch', 'q': 'timestamp:1488074302..1488074302', 'limit': 1024, 't': 'all', 'restrict_sr': True}
DEBUG:requests.packages.urllib3.connectionpool:https://oauth.reddit.com:443 "GET /r/aww/search/?sort=new&raw_json=1&syntax=cloudsearch&q=timestamp%3A1488074302..1488074302&limit=1024&t=all&restrict_sr=True HTTP/1.1" 200 107
DEBUG:prawcore:Response: 200 (107 bytes)
DEBUG:prawcore:Fetching: GET https://oauth.reddit.com/r/soccer/search/
DEBUG:prawcore:Headers: {'Authorization': 'bearer ZHmXGTGwEH8x7vUeCrmjHiN0A5A'}
DEBUG:prawcore:Data: None
DEBUG:prawcore:Params: {'sort': 'new', 'raw_json': 1, 'syntax': 'cloudsearch', 'q': 'timestamp:1488074302..1488074302', 'limit': 1024, 't': 'all', 'restrict_sr': True}
DEBUG:requests.packages.urllib3.connectionpool:https://oauth.reddit.com:443 "GET /r/soccer/search/?sort=new&raw_json=1&syntax=cloudsearch&q=timestamp%3A1488074302..1488074302&limit=1024&t=all&restrict_sr=True HTTP/1.1" 200 107
DEBUG:prawcore:Response: 200 (107 bytes)
DEBUG:prawcore:Fetching: GET https://oauth.reddit.com/r/movies/search/
DEBUG:prawcore:Headers: {'Authorization': 'bearer ZHmXGTGwEH8x7vUeCrmjHiN0A5A'}
DEBUG:prawcore:Data: None
DEBUG:prawcore:Params: {'sort': 'new', 'raw_json': 1, 'syntax': 'cloudsearch', 'q': 'timestamp:1488074302..1488074302', 'limit': 1024, 't': 'all', 'restrict_sr': True}
DEBUG:requests.packages.urllib3.connectionpool:https://oauth.reddit.com:443 "GET /r/movies/search/?sort=new&raw_json=1&syntax=cloudsearch&q=timestamp%3A1488074302..1488074302&limit=1024&t=all&restrict_sr=True HTTP/1.1" 200 107
DEBUG:prawcore:Response: 200 (107 bytes)
DEBUG:prawcore:Fetching: GET https://oauth.reddit.com/r/Overwatch/search/
DEBUG:prawcore:Headers: {'Authorization': 'bearer ZHmXGTGwEH8x7vUeCrmjHiN0A5A'}
DEBUG:prawcore:Data: None
DEBUG:prawcore:Params: {'sort': 'new', 'raw_json': 1, 'syntax': 'cloudsearch', 'q': 'timestamp:1488074302..1488074302', 'limit': 1024, 't': 'all', 'restrict_sr': True}
DEBUG:requests.packages.urllib3.connectionpool:https://oauth.reddit.com:443 "GET /r/Overwatch/search/?sort=new&raw_json=1&syntax=cloudsearch&q=timestamp%3A1488074302..1488074302&limit=1024&t=all&restrict_sr=True HTTP/1.1" 200 107
DEBUG:prawcore:Response: 200 (107 bytes)
DEBUG:prawcore:Fetching: GET https://oauth.reddit.com/r/BlackPeopleTwitter/search/
DEBUG:prawcore:Headers: {'Authorization': 'bearer ZHmXGTGwEH8x7vUeCrmjHiN0A5A'}
DEBUG:prawcore:Data: None
DEBUG:prawcore:Params: {'sort': 'new', 'raw_json': 1, 'syntax': 'cloudsearch', 'q': 'timestamp:1488074302..1488074302', 'limit': 1024, 't': 'all', 'restrict_sr': True}
DEBUG:requests.packages.urllib3.connectionpool:https://oauth.reddit.com:443 "GET /r/BlackPeopleTwitter/search/?sort=new&raw_json=1&syntax=cloudsearch&q=timestamp%3A1488074302..1488074302&limit=1024&t=all&restrict_sr=True HTTP/1.1" 200 107
DEBUG:prawcore:Response: 200 (107 bytes)
DEBUG:prawcore:Fetching: GET https://oauth.reddit.com/r/AdviceAnimals/search/
DEBUG:prawcore:Headers: {'Authorization': 'bearer ZHmXGTGwEH8x7vUeCrmjHiN0A5A'}
DEBUG:prawcore:Data: None
DEBUG:prawcore:Params: {'sort': 'new', 'raw_json': 1, 'syntax': 'cloudsearch', 'q': 'timestamp:1488074302..1488074302', 'limit': 1024, 't': 'all', 'restrict_sr': True}
DEBUG:requests.packages.urllib3.connectionpool:https://oauth.reddit.com:443 "GET /r/AdviceAnimals/search/?sort=new&raw_json=1&syntax=cloudsearch&q=timestamp%3A1488074302..1488074302&limit=1024&t=all&restrict_sr=True HTTP/1.1" 200 107
DEBUG:prawcore:Response: 200 (107 bytes)
DEBUG:prawcore:Fetching: GET https://oauth.reddit.com/r/leagueoflegends/search/
DEBUG:prawcore:Headers: {'Authorization': 'bearer ZHmXGTGwEH8x7vUeCrmjHiN0A5A'}
DEBUG:prawcore:Data: None
DEBUG:prawcore:Params: {'sort': 'new', 'raw_json': 1, 'syntax': 'cloudsearch', 'q': 'timestamp:1488074302..1488074302', 'limit': 1024, 't': 'all', 'restrict_sr': True}
DEBUG:requests.packages.urllib3.connectionpool:https://oauth.reddit.com:443 "GET /r/leagueoflegends/search/?sort=new&raw_json=1&syntax=cloudsearch&q=timestamp%3A1488074302..1488074302&limit=1024&t=all&restrict_sr=True HTTP/1.1" 200 107
DEBUG:prawcore:Response: 200 (107 bytes)
DEBUG:prawcore:Fetching: GET https://oauth.reddit.com/r/nfl/search/
DEBUG:prawcore:Headers: {'Authorization': 'bearer ZHmXGTGwEH8x7vUeCrmjHiN0A5A'}
DEBUG:prawcore:Data: None
DEBUG:prawcore:Params: {'sort': 'new', 'raw_json': 1, 'syntax': 'cloudsearch', 'q': 'timestamp:1488074302..1488074302', 'limit': 1024, 't': 'all', 'restrict_sr': True}
DEBUG:requests.packages.urllib3.connectionpool:https://oauth.reddit.com:443 "GET /r/nfl/search/?sort=new&raw_json=1&syntax=cloudsearch&q=timestamp%3A1488074302..1488074302&limit=1024&t=all&restrict_sr=True HTTP/1.1" 200 107
DEBUG:prawcore:Response: 200 (107 bytes)
DEBUG:prawcore:Fetching: GET https://oauth.reddit.com/r/mildlyinteresting/search/
DEBUG:prawcore:Headers: {'Authorization': 'bearer ZHmXGTGwEH8x7vUeCrmjHiN0A5A'}
DEBUG:prawcore:Data: None
DEBUG:prawcore:Params: {'sort': 'new', 'raw_json': 1, 'syntax': 'cloudsearch', 'q': 'timestamp:1488074302..1488074302', 'limit': 1024, 't': 'all', 'restrict_sr': True}
DEBUG:requests.packages.urllib3.connectionpool:https://oauth.reddit.com:443 "GET /r/mildlyinteresting/search/?sort=new&raw_json=1&syntax=cloudsearch&q=timestamp%3A1488074302..1488074302&limit=1024&t=all&restrict_sr=True HTTP/1.1" 200 107
DEBUG:prawcore:Response: 200 (107 bytes)
DEBUG:prawcore:Fetching: GET https://oauth.reddit.com/r/forhonor/search/
DEBUG:prawcore:Headers: {'Authorization': 'bearer ZHmXGTGwEH8x7vUeCrmjHiN0A5A'}
DEBUG:prawcore:Data: None
DEBUG:prawcore:Params: {'sort': 'new', 'raw_json': 1, 'syntax': 'cloudsearch', 'q': 'timestamp:1488074302..1488074302', 'limit': 1024, 't': 'all', 'restrict_sr': True}
DEBUG:requests.packages.urllib3.connectionpool:https://oauth.reddit.com:443 "GET /r/forhonor/search/?sort=new&raw_json=1&syntax=cloudsearch&q=timestamp%3A1488074302..1488074302&limit=1024&t=all&restrict_sr=True HTTP/1.1" 200 107
DEBUG:prawcore:Response: 200 (107 bytes)
DEBUG:prawcore:Fetching: GET https://oauth.reddit.com/r/dankmemes/search/
DEBUG:prawcore:Headers: {'Authorization': 'bearer ZHmXGTGwEH8x7vUeCrmjHiN0A5A'}
DEBUG:prawcore:Data: None
DEBUG:prawcore:Params: {'sort': 'new', 'raw_json': 1, 'syntax': 'cloudsearch', 'q': 'timestamp:1488074302..1488074302', 'limit': 1024, 't': 'all', 'restrict_sr': True}
DEBUG:requests.packages.urllib3.connectionpool:https://oauth.reddit.com:443 "GET /r/dankmemes/search/?sort=new&raw_json=1&syntax=cloudsearch&q=timestamp%3A1488074302..1488074302&limit=1024&t=all&restrict_sr=True HTTP/1.1" 200 107
DEBUG:prawcore:Response: 200 (107 bytes)
DEBUG:prawcore:Fetching: GET https://oauth.reddit.com/r/GlobalOffensive/search/
DEBUG:prawcore:Headers: {'Authorization': 'bearer ZHmXGTGwEH8x7vUeCrmjHiN0A5A'}
DEBUG:prawcore:Data: None
DEBUG:prawcore:Params: {'sort': 'new', 'raw_json': 1, 'syntax': 'cloudsearch', 'q': 'timestamp:1488074302..1488074302', 'limit': 1024, 't': 'all', 'restrict_sr': True}
DEBUG:requests.packages.urllib3.connectionpool:https://oauth.reddit.com:443 "GET /r/GlobalOffensive/search/?sort=new&raw_json=1&syntax=cloudsearch&q=timestamp%3A1488074302..1488074302&limit=1024&t=all&restrict_sr=True HTTP/1.1" 200 107
DEBUG:prawcore:Response: 200 (107 bytes)
DEBUG:prawcore:Fetching: GET https://oauth.reddit.com/r/me_irl/search/
DEBUG:prawcore:Headers: {'Authorization': 'bearer ZHmXGTGwEH8x7vUeCrmjHiN0A5A'}
DEBUG:prawcore:Data: None
DEBUG:prawcore:Params: {'sort': 'new', 'raw_json': 1, 'syntax': 'cloudsearch', 'q': 'timestamp:1488074302..1488074302', 'limit': 1024, 't': 'all', 'restrict_sr': True}
DEBUG:requests.packages.urllib3.connectionpool:https://oauth.reddit.com:443 "GET /r/me_irl/search/?sort=new&raw_json=1&syntax=cloudsearch&q=timestamp%3A1488074302..1488074302&limit=1024&t=all&restrict_sr=True HTTP/1.1" 200 107
DEBUG:prawcore:Response: 200 (107 bytes)
INFO:root:Subreddits processed at timestamp: 2017-02-25 19:58:22.710281
DEBUG:prawcore:Fetching: GET https://oauth.reddit.com/r/AskReddit/search/
DEBUG:prawcore:Headers: {'Authorization': 'bearer ZHmXGTGwEH8x7vUeCrmjHiN0A5A'}
DEBUG:prawcore:Data: None
DEBUG:prawcore:Params: {'sort': 'new', 'raw_json': 1, 'syntax': 'cloudsearch', 'q': 'timestamp:1488074302..1488074353', 'limit': 1024, 't': 'all', 'restrict_sr': True}
DEBUG:requests.packages.urllib3.connectionpool:https://oauth.reddit.com:443 "GET /r/AskReddit/search/?sort=new&raw_json=1&syntax=cloudsearch&q=timestamp%3A1488074302..1488074353&limit=1024&t=all&restrict_sr=True HTTP/1.1" 200 1024
DEBUG:prawcore:Response: 200 (1024 bytes)
DEBUG:root:172.17.0.2:27017: [Errno 113] No route to host
DEBUG:root:172.17.0.2:27017: [Errno 113] No route to host
DEBUG:root:172.17.0.2:27017: [Errno 113] No route to host
DEBUG:prawcore:Fetching: GET https://oauth.reddit.com/r/AskReddit/search/
DEBUG:prawcore:Headers: {'Authorization': 'bearer ZHmXGTGwEH8x7vUeCrmjHiN0A5A'}
DEBUG:prawcore:Data: None
DEBUG:prawcore:Params: {'sort': 'new', 'raw_json': 1, 'after': 't3_5w5bem', 'syntax': 'cloudsearch', 'q': 'timestamp:1488074302..1488074323', 'limit': 1024, 't': 'all', 'restrict_sr': True}
DEBUG:requests.packages.urllib3.connectionpool:https://oauth.reddit.com:443 "GET /r/AskReddit/search/?sort=new&raw_json=1&after=t3_5w5bem&syntax=cloudsearch&q=timestamp%3A1488074302..1488074323&limit=1024&t=all&restrict_sr=True HTTP/1.1" 200 107
DEBUG:prawcore:Response: 200 (107 bytes)
DEBUG:prawcore:Fetching: GET https://oauth.reddit.com/r/The_Donald/search/
DEBUG:prawcore:Headers: {'Authorization': 'bearer ZHmXGTGwEH8x7vUeCrmjHiN0A5A'}
DEBUG:prawcore:Data: None
DEBUG:prawcore:Params: {'sort': 'new', 'raw_json': 1, 'syntax': 'cloudsearch', 'q': 'timestamp:1488074302..1488074353', 'limit': 1024, 't': 'all', 'restrict_sr': True}
DEBUG:requests.packages.urllib3.connectionpool:https://oauth.reddit.com:443 "GET /r/The_Donald/search/?sort=new&raw_json=1&syntax=cloudsearch&q=timestamp%3A1488074302..1488074353&limit=1024&t=all&restrict_sr=True HTTP/1.1" 200 2289
DEBUG:prawcore:Response: 200 (2289 bytes)
DEBUG:root:172.17.0.2:27017: [Errno 113] No route to host
DEBUG:root:172.17.0.2:27017: [Errno 113] No route to host
DEBUG:root:172.17.0.2:27017: [Errno 113] No route to host
DEBUG:root:172.17.0.2:27017: [Errno 113] No route to host
DEBUG:prawcore:Fetching: GET https://oauth.reddit.com/r/The_Donald/search/
DEBUG:prawcore:Headers: {'Authorization': 'bearer ZHmXGTGwEH8x7vUeCrmjHiN0A5A'}
DEBUG:prawcore:Data: None
DEBUG:prawcore:Params: {'sort': 'new', 'raw_json': 1, 'after': 't3_5w5bck', 'syntax': 'cloudsearch', 'q': 'timestamp:1488074302..1488074309', 'limit': 1024, 't': 'all', 'restrict_sr': True}
DEBUG:requests.packages.urllib3.connectionpool:https://oauth.reddit.com:443 "GET /r/The_Donald/search/?sort=new&raw_json=1&after=t3_5w5bck&syntax=cloudsearch&q=timestamp%3A1488074302..1488074309&limit=1024&t=all&restrict_sr=True HTTP/1.1" 200 107
DEBUG:prawcore:Response: 200 (107 bytes)
DEBUG:prawcore:Fetching: GET https://oauth.reddit.com/r/politics/search/
DEBUG:prawcore:Headers: {'Authorization': 'bearer ZHmXGTGwEH8x7vUeCrmjHiN0A5A'}
DEBUG:prawcore:Data: None
DEBUG:prawcore:Params: {'sort': 'new', 'raw_json': 1, 'syntax': 'cloudsearch', 'q': 'timestamp:1488074302..1488074353', 'limit': 1024, 't': 'all', 'restrict_sr': True}
DEBUG:requests.packages.urllib3.connectionpool:https://oauth.reddit.com:443 "GET /r/politics/search/?sort=new&raw_json=1&syntax=cloudsearch&q=timestamp%3A1488074302..1488074353&limit=1024&t=all&restrict_sr=True HTTP/1.1" 200 1221
DEBUG:prawcore:Response: 200 (1221 bytes)
DEBUG:root:172.17.0.2:27017: [Errno 113] No route to host
DEBUG:prawcore:Fetching: GET https://oauth.reddit.com/r/politics/search/
DEBUG:prawcore:Headers: {'Authorization': 'bearer ZHmXGTGwEH8x7vUeCrmjHiN0A5A'}
DEBUG:prawcore:Data: None
DEBUG:prawcore:Params: {'sort': 'new', 'raw_json': 1, 'after': 't3_5w5bdn', 'syntax': 'cloudsearch', 'q': 'timestamp:1488074302..1488074317', 'limit': 1024, 't': 'all', 'restrict_sr': True}
DEBUG:requests.packages.urllib3.connectionpool:https://oauth.reddit.com:443 "GET /r/politics/search/?sort=new&raw_json=1&after=t3_5w5bdn&syntax=cloudsearch&q=timestamp%3A1488074302..1488074317&limit=1024&t=all&restrict_sr=True HTTP/1.1" 200 107
DEBUG:prawcore:Response: 200 (107 bytes)
DEBUG:prawcore:Fetching: GET https://oauth.reddit.com/r/funny/search/
DEBUG:prawcore:Headers: {'Authorization': 'bearer ZHmXGTGwEH8x7vUeCrmjHiN0A5A'}
DEBUG:prawcore:Data: None
DEBUG:prawcore:Params: {'sort': 'new', 'raw_json': 1, 'syntax': 'cloudsearch', 'q': 'timestamp:1488074302..1488074353', 'limit': 1024, 't': 'all', 'restrict_sr': True}
DEBUG:requests.packages.urllib3.connectionpool:https://oauth.reddit.com:443 "GET /r/funny/search/?sort=new&raw_json=1&syntax=cloudsearch&q=timestamp%3A1488074302..1488074353&limit=1024&t=all&restrict_sr=True HTTP/1.1" 200 1308
DEBUG:prawcore:Response: 200 (1308 bytes)
DEBUG:root:172.17.0.2:27017: [Errno 113] No route to host
DEBUG:root:172.17.0.2:27017: [Errno 113] No route to host
DEBUG:prawcore:Fetching: GET https://oauth.reddit.com/r/funny/search/
DEBUG:prawcore:Headers: {'Authorization': 'bearer ZHmXGTGwEH8x7vUeCrmjHiN0A5A'}
DEBUG:prawcore:Data: None
DEBUG:prawcore:Params: {'sort': 'new', 'raw_json': 1, 'after': 't3_5w5bdh', 'syntax': 'cloudsearch', 'q': 'timestamp:1488074302..1488074316', 'limit': 1024, 't': 'all', 'restrict_sr': True}
DEBUG:requests.packages.urllib3.connectionpool:https://oauth.reddit.com:443 "GET /r/funny/search/?sort=new&raw_json=1&after=t3_5w5bdh&syntax=cloudsearch&q=timestamp%3A1488074302..1488074316&limit=1024&t=all&restrict_sr=True HTTP/1.1" 200 107
DEBUG:prawcore:Response: 200 (107 bytes)
DEBUG:prawcore:Fetching: GET https://oauth.reddit.com/r/nba/search/
DEBUG:prawcore:Headers: {'Authorization': 'bearer ZHmXGTGwEH8x7vUeCrmjHiN0A5A'}
DEBUG:prawcore:Data: None
DEBUG:prawcore:Params: {'sort': 'new', 'raw_json': 1, 'syntax': 'cloudsearch', 'q': 'timestamp:1488074302..1488074353', 'limit': 1024, 't': 'all', 'restrict_sr': True}
DEBUG:requests.packages.urllib3.connectionpool:https://oauth.reddit.com:443 "GET /r/nba/search/?sort=new&raw_json=1&syntax=cloudsearch&q=timestamp%3A1488074302..1488074353&limit=1024&t=all&restrict_sr=True HTTP/1.1" 200 852
DEBUG:prawcore:Response: 200 (852 bytes)
DEBUG:root:172.17.0.2:27017: [Errno 113] No route to host
DEBUG:prawcore:Fetching: GET https://oauth.reddit.com/r/nba/search/
DEBUG:prawcore:Headers: {'Authorization': 'bearer ZHmXGTGwEH8x7vUeCrmjHiN0A5A'}
DEBUG:prawcore:Data: None
DEBUG:prawcore:Params: {'sort': 'new', 'raw_json': 1, 'after': 't3_5w5bfp', 'syntax': 'cloudsearch', 'q': 'timestamp:1488074302..1488074334', 'limit': 1024, 't': 'all', 'restrict_sr': True}
DEBUG:requests.packages.urllib3.connectionpool:https://oauth.reddit.com:443 "GET /r/nba/search/?sort=new&raw_json=1&after=t3_5w5bfp&syntax=cloudsearch&q=timestamp%3A1488074302..1488074334&limit=1024&t=all&restrict_sr=True HTTP/1.1" 200 107
DEBUG:prawcore:Response: 200 (107 bytes)
DEBUG:prawcore:Fetching: GET https://oauth.reddit.com/r/pics/search/
DEBUG:prawcore:Headers: {'Authorization': 'bearer ZHmXGTGwEH8x7vUeCrmjHiN0A5A'}
DEBUG:prawcore:Data: None
DEBUG:prawcore:Params: {'sort': 'new', 'raw_json': 1, 'syntax': 'cloudsearch', 'q': 'timestamp:1488074302..1488074353', 'limit': 1024, 't': 'all', 'restrict_sr': True}
DEBUG:requests.packages.urllib3.connectionpool:https://oauth.reddit.com:443 "GET /r/pics/search/?sort=new&raw_json=1&syntax=cloudsearch&q=timestamp%3A1488074302..1488074353&limit=1024&t=all&restrict_sr=True HTTP/1.1" 200 107
DEBUG:prawcore:Response: 200 (107 bytes)
DEBUG:prawcore:Fetching: GET https://oauth.reddit.com/r/todayilearned/search/
DEBUG:prawcore:Headers: {'Authorization': 'bearer ZHmXGTGwEH8x7vUeCrmjHiN0A5A'}
DEBUG:prawcore:Data: None
DEBUG:prawcore:Params: {'sort': 'new', 'raw_json': 1, 'syntax': 'cloudsearch', 'q': 'timestamp:1488074302..1488074353', 'limit': 1024, 't': 'all', 'restrict_sr': True}
DEBUG:requests.packages.urllib3.connectionpool:https://oauth.reddit.com:443 "GET /r/todayilearned/search/?sort=new&raw_json=1&syntax=cloudsearch&q=timestamp%3A1488074302..1488074353&limit=1024&t=all&restrict_sr=True HTTP/1.1" 200 107
DEBUG:prawcore:Response: 200 (107 bytes)
DEBUG:prawcore:Fetching: GET https://oauth.reddit.com/r/gifs/search/
DEBUG:prawcore:Headers: {'Authorization': 'bearer ZHmXGTGwEH8x7vUeCrmjHiN0A5A'}
DEBUG:prawcore:Data: None
DEBUG:prawcore:Params: {'sort': 'new', 'raw_json': 1, 'syntax': 'cloudsearch', 'q': 'timestamp:1488074302..1488074353', 'limit': 1024, 't': 'all', 'restrict_sr': True}
DEBUG:requests.packages.urllib3.connectionpool:https://oauth.reddit.com:443 "GET /r/gifs/search/?sort=new&raw_json=1&syntax=cloudsearch&q=timestamp%3A1488074302..1488074353&limit=1024&t=all&restrict_sr=True HTTP/1.1" 200 1336
DEBUG:prawcore:Response: 200 (1336 bytes)
DEBUG:root:172.17.0.2:27017: [Errno 113] No route to host
DEBUG:prawcore:Fetching: GET https://oauth.reddit.com/r/gifs/search/
DEBUG:prawcore:Headers: {'Authorization': 'bearer ZHmXGTGwEH8x7vUeCrmjHiN0A5A'}
DEBUG:prawcore:Data: None
DEBUG:prawcore:Params: {'sort': 'new', 'raw_json': 1, 'after': 't3_5w5bcc', 'syntax': 'cloudsearch', 'q': 'timestamp:1488074302..1488074307', 'limit': 1024, 't': 'all', 'restrict_sr': True}
DEBUG:requests.packages.urllib3.connectionpool:https://oauth.reddit.com:443 "GET /r/gifs/search/?sort=new&raw_json=1&after=t3_5w5bcc&syntax=cloudsearch&q=timestamp%3A1488074302..1488074307&limit=1024&t=all&restrict_sr=True HTTP/1.1" 200 107
DEBUG:prawcore:Response: 200 (107 bytes)
DEBUG:prawcore:Fetching: GET https://oauth.reddit.com/r/videos/search/
DEBUG:prawcore:Headers: {'Authorization': 'bearer ZHmXGTGwEH8x7vUeCrmjHiN0A5A'}
DEBUG:prawcore:Data: None
DEBUG:prawcore:Params: {'sort': 'new', 'raw_json': 1, 'syntax': 'cloudsearch', 'q': 'timestamp:1488074302..1488074353', 'limit': 1024, 't': 'all', 'restrict_sr': True}
DEBUG:requests.packages.urllib3.connectionpool:https://oauth.reddit.com:443 "GET /r/videos/search/?sort=new&raw_json=1&syntax=cloudsearch&q=timestamp%3A1488074302..1488074353&limit=1024&t=all&restrict_sr=True HTTP/1.1" 200 1363
DEBUG:prawcore:Response: 200 (1363 bytes)
DEBUG:root:172.17.0.2:27017: [Errno 113] No route to host
DEBUG:prawcore:Fetching: GET https://oauth.reddit.com/r/videos/search/
DEBUG:prawcore:Headers: {'Authorization': 'bearer ZHmXGTGwEH8x7vUeCrmjHiN0A5A'}
DEBUG:prawcore:Data: None
DEBUG:prawcore:Params: {'sort': 'new', 'raw_json': 1, 'after': 't3_5w5bdg', 'syntax': 'cloudsearch', 'q': 'timestamp:1488074302..1488074316', 'limit': 1024, 't': 'all', 'restrict_sr': True}
DEBUG:requests.packages.urllib3.connectionpool:https://oauth.reddit.com:443 "GET /r/videos/search/?sort=new&raw_json=1&after=t3_5w5bdg&syntax=cloudsearch&q=timestamp%3A1488074302..1488074316&limit=1024&t=all&restrict_sr=True HTTP/1.1" 200 107
DEBUG:prawcore:Response: 200 (107 bytes)
DEBUG:prawcore:Fetching: GET https://oauth.reddit.com/r/news/search/
DEBUG:prawcore:Headers: {'Authorization': 'bearer ZHmXGTGwEH8x7vUeCrmjHiN0A5A'}
DEBUG:prawcore:Data: None
DEBUG:prawcore:Params: {'sort': 'new', 'raw_json': 1, 'syntax': 'cloudsearch', 'q': 'timestamp:1488074302..1488074353', 'limit': 1024, 't': 'all', 'restrict_sr': True}
DEBUG:requests.packages.urllib3.connectionpool:https://oauth.reddit.com:443 "GET /r/news/search/?sort=new&raw_json=1&syntax=cloudsearch&q=timestamp%3A1488074302..1488074353&limit=1024&t=all&restrict_sr=True HTTP/1.1" 200 661
DEBUG:prawcore:Response: 200 (661 bytes)
DEBUG:root:172.17.0.2:27017: [Errno 113] No route to host
DEBUG:prawcore:Fetching: GET https://oauth.reddit.com/r/news/search/
DEBUG:prawcore:Headers: {'Authorization': 'bearer ZHmXGTGwEH8x7vUeCrmjHiN0A5A'}
DEBUG:prawcore:Data: None
DEBUG:prawcore:Params: {'sort': 'new', 'raw_json': 1, 'after': 't3_5w5bc8', 'syntax': 'cloudsearch', 'q': 'timestamp:1488074302..1488074305', 'limit': 1024, 't': 'all', 'restrict_sr': True}
DEBUG:requests.packages.urllib3.connectionpool:https://oauth.reddit.com:443 "GET /r/news/search/?sort=new&raw_json=1&after=t3_5w5bc8&syntax=cloudsearch&q=timestamp%3A1488074302..1488074305&limit=1024&t=all&restrict_sr=True HTTP/1.1" 200 107
DEBUG:prawcore:Response: 200 (107 bytes)
DEBUG:prawcore:Fetching: GET https://oauth.reddit.com/r/worldnews/search/
DEBUG:prawcore:Headers: {'Authorization': 'bearer ZHmXGTGwEH8x7vUeCrmjHiN0A5A'}
DEBUG:prawcore:Data: None
DEBUG:prawcore:Params: {'sort': 'new', 'raw_json': 1, 'syntax': 'cloudsearch', 'q': 'timestamp:1488074302..1488074353', 'limit': 1024, 't': 'all', 'restrict_sr': True}
DEBUG:requests.packages.urllib3.connectionpool:https://oauth.reddit.com:443 "GET /r/worldnews/search/?sort=new&raw_json=1&syntax=cloudsearch&q=timestamp%3A1488074302..1488074353&limit=1024&t=all&restrict_sr=True HTTP/1.1" 200 107
DEBUG:prawcore:Response: 200 (107 bytes)
DEBUG:prawcore:Fetching: GET https://oauth.reddit.com/r/gaming/search/
DEBUG:prawcore:Headers: {'Authorization': 'bearer ZHmXGTGwEH8x7vUeCrmjHiN0A5A'}
DEBUG:prawcore:Data: None
DEBUG:prawcore:Params: {'sort': 'new', 'raw_json': 1, 'syntax': 'cloudsearch', 'q': 'timestamp:1488074302..1488074353', 'limit': 1024, 't': 'all', 'restrict_sr': True}
DEBUG:requests.packages.urllib3.connectionpool:https://oauth.reddit.com:443 "GET /r/gaming/search/?sort=new&raw_json=1&syntax=cloudsearch&q=timestamp%3A1488074302..1488074353&limit=1024&t=all&restrict_sr=True HTTP/1.1" 200 107
DEBUG:prawcore:Response: 200 (107 bytes)
DEBUG:prawcore:Fetching: GET https://oauth.reddit.com/r/aww/search/
DEBUG:prawcore:Headers: {'Authorization': 'bearer ZHmXGTGwEH8x7vUeCrmjHiN0A5A'}
DEBUG:prawcore:Data: None
DEBUG:prawcore:Params: {'sort': 'new', 'raw_json': 1, 'syntax': 'cloudsearch', 'q': 'timestamp:1488074302..1488074353', 'limit': 1024, 't': 'all', 'restrict_sr': True}
DEBUG:requests.packages.urllib3.connectionpool:https://oauth.reddit.com:443 "GET /r/aww/search/?sort=new&raw_json=1&syntax=cloudsearch&q=timestamp%3A1488074302..1488074353&limit=1024&t=all&restrict_sr=True HTTP/1.1" 200 107
DEBUG:prawcore:Response: 200 (107 bytes)
DEBUG:prawcore:Fetching: GET https://oauth.reddit.com/r/soccer/search/
DEBUG:prawcore:Headers: {'Authorization': 'bearer ZHmXGTGwEH8x7vUeCrmjHiN0A5A'}
DEBUG:prawcore:Data: None
DEBUG:prawcore:Params: {'sort': 'new', 'raw_json': 1, 'syntax': 'cloudsearch', 'q': 'timestamp:1488074302..1488074353', 'limit': 1024, 't': 'all', 'restrict_sr': True}
DEBUG:requests.packages.urllib3.connectionpool:https://oauth.reddit.com:443 "GET /r/soccer/search/?sort=new&raw_json=1&syntax=cloudsearch&q=timestamp%3A1488074302..1488074353&limit=1024&t=all&restrict_sr=True HTTP/1.1" 200 107
DEBUG:prawcore:Response: 200 (107 bytes)
DEBUG:prawcore:Fetching: GET https://oauth.reddit.com/r/movies/search/
DEBUG:prawcore:Headers: {'Authorization': 'bearer ZHmXGTGwEH8x7vUeCrmjHiN0A5A'}
DEBUG:prawcore:Data: None
DEBUG:prawcore:Params: {'sort': 'new', 'raw_json': 1, 'syntax': 'cloudsearch', 'q': 'timestamp:1488074302..1488074353', 'limit': 1024, 't': 'all', 'restrict_sr': True}
DEBUG:requests.packages.urllib3.connectionpool:https://oauth.reddit.com:443 "GET /r/movies/search/?sort=new&raw_json=1&syntax=cloudsearch&q=timestamp%3A1488074302..1488074353&limit=1024&t=all&restrict_sr=True HTTP/1.1" 200 1362
DEBUG:prawcore:Response: 200 (1362 bytes)
DEBUG:root:172.17.0.2:27017: [Errno 113] No route to host
DEBUG:prawcore:Fetching: GET https://oauth.reddit.com/r/movies/search/
DEBUG:prawcore:Headers: {'Authorization': 'bearer ZHmXGTGwEH8x7vUeCrmjHiN0A5A'}
DEBUG:prawcore:Data: None
DEBUG:prawcore:Params: {'sort': 'new', 'raw_json': 1, 'after': 't3_5w5bdu', 'syntax': 'cloudsearch', 'q': 'timestamp:1488074302..1488074318', 'limit': 1024, 't': 'all', 'restrict_sr': True}
DEBUG:requests.packages.urllib3.connectionpool:https://oauth.reddit.com:443 "GET /r/movies/search/?sort=new&raw_json=1&after=t3_5w5bdu&syntax=cloudsearch&q=timestamp%3A1488074302..1488074318&limit=1024&t=all&restrict_sr=True HTTP/1.1" 200 107
DEBUG:prawcore:Response: 200 (107 bytes)
DEBUG:prawcore:Fetching: GET https://oauth.reddit.com/r/Overwatch/search/
DEBUG:prawcore:Headers: {'Authorization': 'bearer ZHmXGTGwEH8x7vUeCrmjHiN0A5A'}
DEBUG:prawcore:Data: None
DEBUG:prawcore:Params: {'sort': 'new', 'raw_json': 1, 'syntax': 'cloudsearch', 'q': 'timestamp:1488074302..1488074353', 'limit': 1024, 't': 'all', 'restrict_sr': True}
DEBUG:requests.packages.urllib3.connectionpool:https://oauth.reddit.com:443 "GET /r/Overwatch/search/?sort=new&raw_json=1&syntax=cloudsearch&q=timestamp%3A1488074302..1488074353&limit=1024&t=all&restrict_sr=True HTTP/1.1" 200 1394
DEBUG:prawcore:Response: 200 (1394 bytes)
DEBUG:root:172.17.0.2:27017: [Errno 113] No route to host
DEBUG:prawcore:Fetching: GET https://oauth.reddit.com/r/Overwatch/search/
DEBUG:prawcore:Headers: {'Authorization': 'bearer ZHmXGTGwEH8x7vUeCrmjHiN0A5A'}
DEBUG:prawcore:Data: None
DEBUG:prawcore:Params: {'sort': 'new', 'raw_json': 1, 'after': 't3_5w5be8', 'syntax': 'cloudsearch', 'q': 'timestamp:1488074302..1488074321', 'limit': 1024, 't': 'all', 'restrict_sr': True}
DEBUG:requests.packages.urllib3.connectionpool:https://oauth.reddit.com:443 "GET /r/Overwatch/search/?sort=new&raw_json=1&after=t3_5w5be8&syntax=cloudsearch&q=timestamp%3A1488074302..1488074321&limit=1024&t=all&restrict_sr=True HTTP/1.1" 200 107
DEBUG:prawcore:Response: 200 (107 bytes)
DEBUG:prawcore:Fetching: GET https://oauth.reddit.com/r/BlackPeopleTwitter/search/
DEBUG:prawcore:Headers: {'Authorization': 'bearer ZHmXGTGwEH8x7vUeCrmjHiN0A5A'}
DEBUG:prawcore:Data: None
DEBUG:prawcore:Params: {'sort': 'new', 'raw_json': 1, 'syntax': 'cloudsearch', 'q': 'timestamp:1488074302..1488074353', 'limit': 1024, 't': 'all', 'restrict_sr': True}
DEBUG:requests.packages.urllib3.connectionpool:https://oauth.reddit.com:443 "GET /r/BlackPeopleTwitter/search/?sort=new&raw_json=1&syntax=cloudsearch&q=timestamp%3A1488074302..1488074353&limit=1024&t=all&restrict_sr=True HTTP/1.1" 200 107
DEBUG:prawcore:Response: 200 (107 bytes)
DEBUG:prawcore:Fetching: GET https://oauth.reddit.com/r/AdviceAnimals/search/
DEBUG:prawcore:Headers: {'Authorization': 'bearer ZHmXGTGwEH8x7vUeCrmjHiN0A5A'}
DEBUG:prawcore:Data: None
DEBUG:prawcore:Params: {'sort': 'new', 'raw_json': 1, 'syntax': 'cloudsearch', 'q': 'timestamp:1488074302..1488074353', 'limit': 1024, 't': 'all', 'restrict_sr': True}
DEBUG:requests.packages.urllib3.connectionpool:https://oauth.reddit.com:443 "GET /r/AdviceAnimals/search/?sort=new&raw_json=1&syntax=cloudsearch&q=timestamp%3A1488074302..1488074353&limit=1024&t=all&restrict_sr=True HTTP/1.1" 200 107
DEBUG:prawcore:Response: 200 (107 bytes)
DEBUG:prawcore:Fetching: GET https://oauth.reddit.com/r/leagueoflegends/search/
DEBUG:prawcore:Headers: {'Authorization': 'bearer ZHmXGTGwEH8x7vUeCrmjHiN0A5A'}
DEBUG:prawcore:Data: None
DEBUG:prawcore:Params: {'sort': 'new', 'raw_json': 1, 'syntax': 'cloudsearch', 'q': 'timestamp:1488074302..1488074353', 'limit': 1024, 't': 'all', 'restrict_sr': True}
DEBUG:requests.packages.urllib3.connectionpool:https://oauth.reddit.com:443 "GET /r/leagueoflegends/search/?sort=new&raw_json=1&syntax=cloudsearch&q=timestamp%3A1488074302..1488074353&limit=1024&t=all&restrict_sr=True HTTP/1.1" 200 107
DEBUG:prawcore:Response: 200 (107 bytes)
DEBUG:prawcore:Fetching: GET https://oauth.reddit.com/r/nfl/search/
DEBUG:prawcore:Headers: {'Authorization': 'bearer ZHmXGTGwEH8x7vUeCrmjHiN0A5A'}
DEBUG:prawcore:Data: None
DEBUG:prawcore:Params: {'sort': 'new', 'raw_json': 1, 'syntax': 'cloudsearch', 'q': 'timestamp:1488074302..1488074353', 'limit': 1024, 't': 'all', 'restrict_sr': True}
DEBUG:requests.packages.urllib3.connectionpool:https://oauth.reddit.com:443 "GET /r/nfl/search/?sort=new&raw_json=1&syntax=cloudsearch&q=timestamp%3A1488074302..1488074353&limit=1024&t=all&restrict_sr=True HTTP/1.1" 200 107
DEBUG:prawcore:Response: 200 (107 bytes)
DEBUG:prawcore:Fetching: GET https://oauth.reddit.com/r/mildlyinteresting/search/
DEBUG:prawcore:Headers: {'Authorization': 'bearer ZHmXGTGwEH8x7vUeCrmjHiN0A5A'}
DEBUG:prawcore:Data: None
DEBUG:prawcore:Params: {'sort': 'new', 'raw_json': 1, 'syntax': 'cloudsearch', 'q': 'timestamp:1488074302..1488074353', 'limit': 1024, 't': 'all', 'restrict_sr': True}
DEBUG:requests.packages.urllib3.connectionpool:https://oauth.reddit.com:443 "GET /r/mildlyinteresting/search/?sort=new&raw_json=1&syntax=cloudsearch&q=timestamp%3A1488074302..1488074353&limit=1024&t=all&restrict_sr=True HTTP/1.1" 200 1180
DEBUG:prawcore:Response: 200 (1180 bytes)
DEBUG:root:172.17.0.2:27017: [Errno 113] No route to host
DEBUG:prawcore:Fetching: GET https://oauth.reddit.com/r/mildlyinteresting/search/
DEBUG:prawcore:Headers: {'Authorization': 'bearer ZHmXGTGwEH8x7vUeCrmjHiN0A5A'}
DEBUG:prawcore:Data: None
DEBUG:prawcore:Params: {'sort': 'new', 'raw_json': 1, 'after': 't3_5w5bhy', 'syntax': 'cloudsearch', 'q': 'timestamp:1488074302..1488074351', 'limit': 1024, 't': 'all', 'restrict_sr': True}
DEBUG:requests.packages.urllib3.connectionpool:https://oauth.reddit.com:443 "GET /r/mildlyinteresting/search/?sort=new&raw_json=1&after=t3_5w5bhy&syntax=cloudsearch&q=timestamp%3A1488074302..1488074351&limit=1024&t=all&restrict_sr=True HTTP/1.1" 200 107
DEBUG:prawcore:Response: 200 (107 bytes)
DEBUG:prawcore:Fetching: GET https://oauth.reddit.com/r/forhonor/search/
DEBUG:prawcore:Headers: {'Authorization': 'bearer ZHmXGTGwEH8x7vUeCrmjHiN0A5A'}
DEBUG:prawcore:Data: None
DEBUG:prawcore:Params: {'sort': 'new', 'raw_json': 1, 'syntax': 'cloudsearch', 'q': 'timestamp:1488074302..1488074353', 'limit': 1024, 't': 'all', 'restrict_sr': True}
DEBUG:requests.packages.urllib3.connectionpool:https://oauth.reddit.com:443 "GET /r/forhonor/search/?sort=new&raw_json=1&syntax=cloudsearch&q=timestamp%3A1488074302..1488074353&limit=1024&t=all&restrict_sr=True HTTP/1.1" 200 107
DEBUG:prawcore:Response: 200 (107 bytes)
DEBUG:prawcore:Fetching: GET https://oauth.reddit.com/r/dankmemes/search/
DEBUG:prawcore:Headers: {'Authorization': 'bearer ZHmXGTGwEH8x7vUeCrmjHiN0A5A'}
DEBUG:prawcore:Data: None
DEBUG:prawcore:Params: {'sort': 'new', 'raw_json': 1, 'syntax': 'cloudsearch', 'q': 'timestamp:1488074302..1488074353', 'limit': 1024, 't': 'all', 'restrict_sr': True}
DEBUG:requests.packages.urllib3.connectionpool:https://oauth.reddit.com:443 "GET /r/dankmemes/search/?sort=new&raw_json=1&syntax=cloudsearch&q=timestamp%3A1488074302..1488074353&limit=1024&t=all&restrict_sr=True HTTP/1.1" 200 1145
DEBUG:prawcore:Response: 200 (1145 bytes)
DEBUG:root:172.17.0.2:27017: [Errno 113] No route to host
DEBUG:prawcore:Fetching: GET https://oauth.reddit.com/r/dankmemes/search/
DEBUG:prawcore:Headers: {'Authorization': 'bearer ZHmXGTGwEH8x7vUeCrmjHiN0A5A'}
DEBUG:prawcore:Data: None
DEBUG:prawcore:Params: {'sort': 'new', 'raw_json': 1, 'after': 't3_5w5bfe', 'syntax': 'cloudsearch', 'q': 'timestamp:1488074302..1488074331', 'limit': 1024, 't': 'all', 'restrict_sr': True}
DEBUG:requests.packages.urllib3.connectionpool:https://oauth.reddit.com:443 "GET /r/dankmemes/search/?sort=new&raw_json=1&after=t3_5w5bfe&syntax=cloudsearch&q=timestamp%3A1488074302..1488074331&limit=1024&t=all&restrict_sr=True HTTP/1.1" 200 1090
DEBUG:prawcore:Response: 200 (1090 bytes)
DEBUG:root:172.17.0.2:27017: [Errno 113] No route to host
DEBUG:prawcore:Fetching: GET https://oauth.reddit.com/r/dankmemes/search/
DEBUG:prawcore:Headers: {'Authorization': 'bearer ZHmXGTGwEH8x7vUeCrmjHiN0A5A'}
DEBUG:prawcore:Data: None
DEBUG:prawcore:Params: {'sort': 'new', 'raw_json': 1, 'after': 't3_5w5bcm', 'syntax': 'cloudsearch', 'q': 'timestamp:1488074302..1488074309', 'limit': 1024, 't': 'all', 'restrict_sr': True}
DEBUG:requests.packages.urllib3.connectionpool:https://oauth.reddit.com:443 "GET /r/dankmemes/search/?sort=new&raw_json=1&after=t3_5w5bcm&syntax=cloudsearch&q=timestamp%3A1488074302..1488074309&limit=1024&t=all&restrict_sr=True HTTP/1.1" 200 107
DEBUG:prawcore:Response: 200 (107 bytes)
DEBUG:prawcore:Fetching: GET https://oauth.reddit.com/r/GlobalOffensive/search/
DEBUG:prawcore:Headers: {'Authorization': 'bearer ZHmXGTGwEH8x7vUeCrmjHiN0A5A'}
DEBUG:prawcore:Data: None
DEBUG:prawcore:Params: {'sort': 'new', 'raw_json': 1, 'syntax': 'cloudsearch', 'q': 'timestamp:1488074302..1488074353', 'limit': 1024, 't': 'all', 'restrict_sr': True}
DEBUG:requests.packages.urllib3.connectionpool:https://oauth.reddit.com:443 "GET /r/GlobalOffensive/search/?sort=new&raw_json=1&syntax=cloudsearch&q=timestamp%3A1488074302..1488074353&limit=1024&t=all&restrict_sr=True HTTP/1.1" 200 107
DEBUG:prawcore:Response: 200 (107 bytes)
DEBUG:prawcore:Fetching: GET https://oauth.reddit.com/r/me_irl/search/
DEBUG:prawcore:Headers: {'Authorization': 'bearer ZHmXGTGwEH8x7vUeCrmjHiN0A5A'}
DEBUG:prawcore:Data: None
DEBUG:prawcore:Params: {'sort': 'new', 'raw_json': 1, 'syntax': 'cloudsearch', 'q': 'timestamp:1488074302..1488074353', 'limit': 1024, 't': 'all', 'restrict_sr': True}
DEBUG:requests.packages.urllib3.connectionpool:https://oauth.reddit.com:443 "GET /r/me_irl/search/?sort=new&raw_json=1&syntax=cloudsearch&q=timestamp%3A1488074302..1488074353&limit=1024&t=all&restrict_sr=True HTTP/1.1" 200 107
DEBUG:prawcore:Response: 200 (107 bytes)
INFO:root:Subreddits processed at timestamp: 2017-02-25 19:59:13.252471
DEBUG:prawcore:Fetching: GET https://oauth.reddit.com/r/AskReddit/search/
DEBUG:prawcore:Headers: {'Authorization': 'bearer ZHmXGTGwEH8x7vUeCrmjHiN0A5A'}
DEBUG:prawcore:Data: None
DEBUG:prawcore:Params: {'sort': 'new', 'raw_json': 1, 'syntax': 'cloudsearch', 'q': 'timestamp:1488074353..1488075017', 'limit': 1024, 't': 'all', 'restrict_sr': True}
DEBUG:requests.packages.urllib3.connectionpool:https://oauth.reddit.com:443 "GET /r/AskReddit/search/?sort=new&raw_json=1&syntax=cloudsearch&q=timestamp%3A1488074353..1488075017&limit=1024&t=all&restrict_sr=True HTTP/1.1" 200 4910
DEBUG:prawcore:Response: 200 (4910 bytes)
DEBUG:root:172.17.0.2:27017: [Errno 113] No route to host
DEBUG:root:172.17.0.2:27017: [Errno 113] No route to host
DEBUG:root:172.17.0.2:27017: [Errno 113] No route to host
DEBUG:root:172.17.0.2:27017: [Errno 113] No route to host
DEBUG:root:172.17.0.2:27017: [Errno 113] No route to host
DEBUG:root:172.17.0.2:27017: [Errno 113] No route to host
DEBUG:root:172.17.0.2:27017: [Errno 113] No route to host
DEBUG:root:172.17.0.2:27017: [Errno 113] No route to host
DEBUG:root:172.17.0.2:27017: [Errno 113] No route to host
DEBUG:root:172.17.0.2:27017: [Errno 113] No route to host
DEBUG:root:172.17.0.2:27017: [Errno 113] No route to host
DEBUG:root:172.17.0.2:27017: [Errno 113] No route to host
DEBUG:root:172.17.0.2:27017: [Errno 113] No route to host
DEBUG:root:172.17.0.2:27017: [Errno 113] No route to host
DEBUG:root:172.17.0.2:27017: [Errno 113] No route to host
DEBUG:root:172.17.0.2:27017: [Errno 113] No route to host
DEBUG:root:172.17.0.2:27017: [Errno 113] No route to host
DEBUG:root:172.17.0.2:27017: [Errno 113] No route to host
